Using pre-set license
Built from '2022.3/staging' branch; Version is '2022.3.46f1 (8e9b8558c41a) revision 9345925'; Using compiler version '192829333'; Build Type 'Release'
OS: 'Windows 11  (10.0.22631) 64bit Core' Language: 'ja' Physical Memory: 15610 MB
BatchMode: 1, IsHumanControllingUs: 0, StartBugReporterOnCrash: 0, Is64bit: 1, IsPro: 1

COMMAND LINE ARGUMENTS:
C:\Program Files\Unity\Hub\Editor\2022.3.46f1\Editor\Unity.exe
-adb2
-batchMode
-noUpm
-name
AssetImportWorker2
-projectPath
C:/Product/Unity/StandingWorld
-logFile
Logs/AssetImportWorker2.log
-srvPort
54891
Successfully changed project path to: C:/Product/Unity/StandingWorld
C:/Product/Unity/StandingWorld
[UnityMemory] Configuration Parameters - Can be set up in boot.config
    "memorysetup-bucket-allocator-granularity=16"
    "memorysetup-bucket-allocator-bucket-count=8"
    "memorysetup-bucket-allocator-block-size=33554432"
    "memorysetup-bucket-allocator-block-count=8"
    "memorysetup-main-allocator-block-size=16777216"
    "memorysetup-thread-allocator-block-size=16777216"
    "memorysetup-gfx-main-allocator-block-size=16777216"
    "memorysetup-gfx-thread-allocator-block-size=16777216"
    "memorysetup-cache-allocator-block-size=4194304"
    "memorysetup-typetree-allocator-block-size=2097152"
    "memorysetup-profiler-bucket-allocator-granularity=16"
    "memorysetup-profiler-bucket-allocator-bucket-count=8"
    "memorysetup-profiler-bucket-allocator-block-size=33554432"
    "memorysetup-profiler-bucket-allocator-block-count=8"
    "memorysetup-profiler-allocator-block-size=16777216"
    "memorysetup-profiler-editor-allocator-block-size=1048576"
    "memorysetup-temp-allocator-size-main=16777216"
    "memorysetup-job-temp-allocator-block-size=2097152"
    "memorysetup-job-temp-allocator-block-size-background=1048576"
    "memorysetup-job-temp-allocator-reduction-small-platforms=262144"
    "memorysetup-allocator-temp-initial-block-size-main=262144"
    "memorysetup-allocator-temp-initial-block-size-worker=262144"
    "memorysetup-temp-allocator-size-background-worker=32768"
    "memorysetup-temp-allocator-size-job-worker=262144"
    "memorysetup-temp-allocator-size-preload-manager=33554432"
    "memorysetup-temp-allocator-size-nav-mesh-worker=65536"
    "memorysetup-temp-allocator-size-audio-worker=65536"
    "memorysetup-temp-allocator-size-cloud-worker=32768"
    "memorysetup-temp-allocator-size-gi-baking-worker=262144"
    "memorysetup-temp-allocator-size-gfx=262144"
Player connection [24992]  Target information:

Player connection [24992]  * "[IP] 192.168.0.58 [Port] 0 [Flags] 2 [Guid] 557746295 [EditorId] 557746295 [Version] 1048832 [Id] WindowsEditor(7,note202408) [Debug] 1 [PackageName] WindowsEditor [ProjectName] Editor" 

Player connection [24992] Host joined multi-casting on [225.0.0.222:54997]...
Player connection [24992] Host joined alternative multi-casting on [225.0.0.222:34997]...
[PhysX] Initialized MultithreadedTaskDispatcher with 16 workers.
Refreshing native plugins compatible for Editor in 724.10 ms, found 6 plugins.
Preloading 0 native plugins for Editor in 0.00 ms.
Initialize engine version: 2022.3.46f1 (8e9b8558c41a)
[Subsystems] Discovering subsystems at path C:/Program Files/Unity/Hub/Editor/2022.3.46f1/Editor/Data/Resources/UnitySubsystems
[Subsystems] Discovering subsystems at path C:/Product/Unity/StandingWorld/Assets
GfxDevice: creating device client; threaded=0; jobified=0
Direct3D:
    Version:  Direct3D 11.0 [level 11.1]
    Renderer: NVIDIA GeForce RTX 3050 Laptop GPU (ID=0x25a2)
    Vendor:   NVIDIA
    VRAM:     3964 MB
    Driver:   32.0.15.6081
Initialize mono
Mono path[0] = 'C:/Program Files/Unity/Hub/Editor/2022.3.46f1/Editor/Data/Managed'
Mono path[1] = 'C:/Program Files/Unity/Hub/Editor/2022.3.46f1/Editor/Data/MonoBleedingEdge/lib/mono/unityjit-win32'
Mono config path = 'C:/Program Files/Unity/Hub/Editor/2022.3.46f1/Editor/Data/MonoBleedingEdge/etc'
Using monoOptions --debugger-agent=transport=dt_socket,embedding=1,server=y,suspend=n,address=127.0.0.1:56808
Begin MonoManager ReloadAssembly
Registering precompiled unity dll's ...
Register platform support module: C:/Program Files/Unity/Hub/Editor/2022.3.46f1/Editor/Data/PlaybackEngines/AndroidPlayer/UnityEditor.Android.Extensions.dll
Register platform support module: C:/Program Files/Unity/Hub/Editor/2022.3.46f1/Editor/Data/PlaybackEngines/WindowsStandaloneSupport/UnityEditor.WindowsStandalone.Extensions.dll
Registered in 0.010791 seconds.
- Loaded All Assemblies, in  1.635 seconds
Native extension for WindowsStandalone target not found
Native extension for Android target not found
Android Extension - Scanning For ADB Devices 516 ms
Mono: successfully reloaded assembly
- Finished resetting the current domain, in  1.019 seconds
Domain Reload Profiling: 2652ms
	BeginReloadAssembly (173ms)
		ExecutionOrderSort (0ms)
		DisableScriptedObjects (0ms)
		BackupInstance (0ms)
		ReleaseScriptingObjects (0ms)
		CreateAndSetChildDomain (1ms)
	RebuildCommonClasses (351ms)
	RebuildNativeTypeToScriptingClass (17ms)
	initialDomainReloadingComplete (96ms)
	LoadAllAssembliesAndSetupDomain (996ms)
		LoadAssemblies (171ms)
		RebuildTransferFunctionScriptingTraits (0ms)
		AnalyzeDomain (992ms)
			TypeCache.Refresh (989ms)
				TypeCache.ScanAssembly (964ms)
			ScanForSourceGeneratedMonoScriptInfo (1ms)
			ResolveRequiredComponents (1ms)
	FinalizeReload (1019ms)
		ReleaseScriptCaches (0ms)
		RebuildScriptCaches (0ms)
		SetupLoadedEditorAssemblies (943ms)
			LogAssemblyErrors (0ms)
			InitializePlatformSupportModulesInManaged (640ms)
			SetLoadedEditorAssemblies (6ms)
			RefreshPlugins (0ms)
			BeforeProcessingInitializeOnLoad (3ms)
			ProcessInitializeOnLoadAttributes (207ms)
			ProcessInitializeOnLoadMethodAttributes (87ms)
			AfterProcessingInitializeOnLoad (0ms)
			EditorAssembliesLoaded (0ms)
		ExecutionOrderSort2 (0ms)
		AwakeInstancesAfterBackupRestoration (0ms)
========================================================================
Worker process is ready to serve import requests
Caller must complete domain reload
Begin MonoManager ReloadAssembly
- Loaded All Assemblies, in  1.946 seconds
Native extension for WindowsStandalone target not found
Native extension for Android target not found
Package Manager log level set to [2]
[Package Manager] Server::EnsureServerProcessIsRunning -- launch failed, reason: Unity was launched with the -noUpm command-line argument
[Package Manager] UpmClient::Send -- Unable to send message (not connected to UPM process).
[Package Manager] Cannot connect to Unity Package Manager local server
Mono: successfully reloaded assembly
- Finished resetting the current domain, in  1.852 seconds
Domain Reload Profiling: 3794ms
	BeginReloadAssembly (244ms)
		ExecutionOrderSort (0ms)
		DisableScriptedObjects (11ms)
		BackupInstance (0ms)
		ReleaseScriptingObjects (0ms)
		CreateAndSetChildDomain (32ms)
	RebuildCommonClasses (50ms)
	RebuildNativeTypeToScriptingClass (14ms)
	initialDomainReloadingComplete (66ms)
	LoadAllAssembliesAndSetupDomain (1568ms)
		LoadAssemblies (607ms)
		RebuildTransferFunctionScriptingTraits (0ms)
		AnalyzeDomain (1104ms)
			TypeCache.Refresh (941ms)
				TypeCache.ScanAssembly (817ms)
			ScanForSourceGeneratedMonoScriptInfo (128ms)
			ResolveRequiredComponents (32ms)
	FinalizeReload (1853ms)
		ReleaseScriptCaches (0ms)
		RebuildScriptCaches (0ms)
		SetupLoadedEditorAssemblies (1452ms)
			LogAssemblyErrors (0ms)
			InitializePlatformSupportModulesInManaged (39ms)
			SetLoadedEditorAssemblies (10ms)
			RefreshPlugins (0ms)
			BeforeProcessingInitializeOnLoad (169ms)
			ProcessInitializeOnLoadAttributes (1087ms)
			ProcessInitializeOnLoadMethodAttributes (138ms)
			AfterProcessingInitializeOnLoad (9ms)
			EditorAssembliesLoaded (0ms)
		ExecutionOrderSort2 (0ms)
		AwakeInstancesAfterBackupRestoration (9ms)
Launched and connected shader compiler UnityShaderCompiler.exe after 0.10 seconds
Refreshing native plugins compatible for Editor in 14.88 ms, found 6 plugins.
Preloading 0 native plugins for Editor in 0.00 ms.
Unloading 6972 Unused Serialized files (Serialized files now loaded: 0)
Unloading 75 unused Assets / (1.8 MB). Loaded Objects now: 7456.
Memory consumption went from 291.6 MB to 289.8 MB.
Total: 7.285600 ms (FindLiveObjects: 0.628900 ms CreateObjectMapping: 0.321700 ms MarkObjects: 5.663000 ms  DeleteObjects: 0.670400 ms)

AssetImportParameters requested are different than current active one (requested -> active):
  custom:container-demuxer-ogg: 62fdf1f143b41e24485cea50d1cbac27 -> 
  custom:framework-win-MediaFoundation: 216162199b28c13a410421893ffa2e32 -> 
  custom:scripting/monoscript/fileName/playerController.cs: 8a36541facae464d3638fd14fa5b7208 -> 
  custom:container-muxer-webm: aa71ff27fc2769a1b78a27578f13a17b -> 
  custom:video-decoder-webm-vp8: 9c59270c3fd7afecdb556c50c9e8de78 -> 
  custom:SearchIndexIgnoredProperties: e643bd26f0fe6173181afceb89e7c659 -> 
  custom:AudioImporter_EditorPlatform: d09bf68614088b80899f8185d706f6e7 -> 
  custom:audio-decoder-ogg-vorbis: bf7c407c2cedff20999df2af8eb42d56 -> 
  custom:audio-encoder-webm-vorbis: bf7c407c2cedff20999df2af8eb42d56 -> 
  custom:video-codec-MediaFoundation-h265: 746d11721c4dcdbdad8f713fa42b33f4 -> 
  custom:video-decoder-ogg-theora: a1e56fd34408186e4bbccfd4996cb3dc -> 
  custom:CustomObjectIndexerAttribute: 72b91833f83ae208fae7752999fa3104 -> 
  custom:container-demuxer-webm: 4f35f7cbe854078d1ac9338744f61a02 -> 
  custom:scripting/monoscript/fileName/textureController.cs: 77fb205f53a2e5e38187edc36fbdca03 -> 
  custom:video-encoder-webm-vp8: eb34c28f22e8b96e1ab97ce403110664 -> 
========================================================================
Received Import Request.
  Time since last request: 529850.380438 seconds.
  path: Assets/Resources/tempWork/resources/Material/Torus 3.mat
  artifactKey: Guid(c12f34416d9382f4e8036266146f2175) Importer(815301076,1909f56bfc062723c751e8b465ee728b)
Start importing Assets/Resources/tempWork/resources/Material/Torus 3.mat using Guid(c12f34416d9382f4e8036266146f2175) Importer(815301076,1909f56bfc062723c751e8b465ee728b) [PhysX] Initialized MultithreadedTaskDispatcher with 16 workers.
[PhysX] Initialized MultithreadedTaskDispatcher with 16 workers.
 -> (artifact id: '0f05e730c7d1044e0356f2a3f1b7e79a') in 0.605152 seconds
Number of updated asset objects reloaded before import = 0
Number of asset objects unloaded after import = 20
========================================================================
Received Import Request.
  Time since last request: 0.000090 seconds.
  path: Assets/Resources/tempWork/resources/Materials/check_point-removebg-preview.mat
  artifactKey: Guid(94b8975726ffd4a12952c3e771646707) Importer(815301076,1909f56bfc062723c751e8b465ee728b)
Start importing Assets/Resources/tempWork/resources/Materials/check_point-removebg-preview.mat using Guid(94b8975726ffd4a12952c3e771646707) Importer(815301076,1909f56bfc062723c751e8b465ee728b) [PhysX] Initialized MultithreadedTaskDispatcher with 16 workers.
[PhysX] Initialized MultithreadedTaskDispatcher with 16 workers.
 -> (artifact id: 'e7cfcc5f8c8097fc16f5479a0ab45d20') in 0.036451 seconds
Number of updated asset objects reloaded before import = 0
Number of asset objects unloaded after import = 3
========================================================================
Received Import Request.
  Time since last request: 0.000027 seconds.
  path: Assets/Resources/tempWork/resources/jumpM.mat
  artifactKey: Guid(3a7ac421225804c7f9844a540b630003) Importer(815301076,1909f56bfc062723c751e8b465ee728b)
Start importing Assets/Resources/tempWork/resources/jumpM.mat using Guid(3a7ac421225804c7f9844a540b630003) Importer(815301076,1909f56bfc062723c751e8b465ee728b) [PhysX] Initialized MultithreadedTaskDispatcher with 16 workers.
[PhysX] Initialized MultithreadedTaskDispatcher with 16 workers.
 -> (artifact id: '3d84de7d555f5cf96e364e01ffa47097') in 0.024037 seconds
Number of updated asset objects reloaded before import = 0
Number of asset objects unloaded after import = 3
========================================================================
Received Import Request.
  Time since last request: 0.000030 seconds.
  path: Assets/Resources/Materials/StylisedWater/URP/Materials/WaterBox.mat
  artifactKey: Guid(2e799de604d106a4cb25dd75c55a986f) Importer(815301076,1909f56bfc062723c751e8b465ee728b)
Start importing Assets/Resources/Materials/StylisedWater/URP/Materials/WaterBox.mat using Guid(2e799de604d106a4cb25dd75c55a986f) Importer(815301076,1909f56bfc062723c751e8b465ee728b) [PhysX] Initialized MultithreadedTaskDispatcher with 16 workers.
[PhysX] Initialized MultithreadedTaskDispatcher with 16 workers.
 -> (artifact id: 'efb8af474fafa17685f23fd97d82d1bb') in 0.025914 seconds
Number of updated asset objects reloaded before import = 0
Number of asset objects unloaded after import = 3
========================================================================
Received Import Request.
  Time since last request: 0.000032 seconds.
  path: Assets/Resources/3dModel/Player/shadow.mat
  artifactKey: Guid(ede22e5faefd3f14e937e6d4b653f9b2) Importer(815301076,1909f56bfc062723c751e8b465ee728b)
Start importing Assets/Resources/3dModel/Player/shadow.mat using Guid(ede22e5faefd3f14e937e6d4b653f9b2) Importer(815301076,1909f56bfc062723c751e8b465ee728b) [PhysX] Initialized MultithreadedTaskDispatcher with 16 workers.
[PhysX] Initialized MultithreadedTaskDispatcher with 16 workers.
 -> (artifact id: 'bcf172e6b8fa6bd0ded37e33567352db') in 0.021298 seconds
Number of updated asset objects reloaded before import = 0
Number of asset objects unloaded after import = 3
========================================================================
Received Import Request.
  Time since last request: 0.000028 seconds.
  path: Assets/Resources/tempWork/resources/glassCube.mat
  artifactKey: Guid(2d213d220f344404b8fc72c84f2bc74c) Importer(815301076,1909f56bfc062723c751e8b465ee728b)
Start importing Assets/Resources/tempWork/resources/glassCube.mat using Guid(2d213d220f344404b8fc72c84f2bc74c) Importer(815301076,1909f56bfc062723c751e8b465ee728b) [PhysX] Initialized MultithreadedTaskDispatcher with 16 workers.
[PhysX] Initialized MultithreadedTaskDispatcher with 16 workers.
 -> (artifact id: '94e5b7bb655eb2c77cdbe9ec27d42233') in 0.022157 seconds
Number of updated asset objects reloaded before import = 0
Number of asset objects unloaded after import = 3
========================================================================
Received Import Request.
  Time since last request: 0.000044 seconds.
  path: Assets/Resources/Materials/SimpleToon/Model/Kawaii Slimes/Materials/Slime 1/Slime1_King.mat
  artifactKey: Guid(507fed0338ce65948937cd10a0904a51) Importer(815301076,1909f56bfc062723c751e8b465ee728b)
Start importing Assets/Resources/Materials/SimpleToon/Model/Kawaii Slimes/Materials/Slime 1/Slime1_King.mat using Guid(507fed0338ce65948937cd10a0904a51) Importer(815301076,1909f56bfc062723c751e8b465ee728b) [PhysX] Initialized MultithreadedTaskDispatcher with 16 workers.
[PhysX] Initialized MultithreadedTaskDispatcher with 16 workers.
 -> (artifact id: '2f12584d1cc28e6c9856bd7d2bd641ae') in 0.020522 seconds
Number of updated asset objects reloaded before import = 0
Number of asset objects unloaded after import = 2
========================================================================
Received Import Request.
  Time since last request: 0.000041 seconds.
  path: Assets/Resources/Materials/Tree.mat
  artifactKey: Guid(b3bae2ca7c3576a41945b214d331ffe4) Importer(815301076,1909f56bfc062723c751e8b465ee728b)
Start importing Assets/Resources/Materials/Tree.mat using Guid(b3bae2ca7c3576a41945b214d331ffe4) Importer(815301076,1909f56bfc062723c751e8b465ee728b) [PhysX] Initialized MultithreadedTaskDispatcher with 16 workers.
[PhysX] Initialized MultithreadedTaskDispatcher with 16 workers.
 -> (artifact id: 'ea4500a0b7c77c5b66e969e6a6e4046a') in 0.024661 seconds
Number of updated asset objects reloaded before import = 0
Number of asset objects unloaded after import = 3
========================================================================
Received Import Request.
  Time since last request: 0.000037 seconds.
  path: Assets/Resources/tempWork/resources/Material/Torus 4.mat
  artifactKey: Guid(26813a97eaa43e84e97f57d75f35286e) Importer(815301076,1909f56bfc062723c751e8b465ee728b)
Start importing Assets/Resources/tempWork/resources/Material/Torus 4.mat using Guid(26813a97eaa43e84e97f57d75f35286e) Importer(815301076,1909f56bfc062723c751e8b465ee728b) [PhysX] Initialized MultithreadedTaskDispatcher with 16 workers.
[PhysX] Initialized MultithreadedTaskDispatcher with 16 workers.
 -> (artifact id: 'b8ba2d62cd1d15b288601e4a8f71e1ba') in 0.020067 seconds
Number of updated asset objects reloaded before import = 0
Number of asset objects unloaded after import = 2
========================================================================
Received Import Request.
  Time since last request: 0.000026 seconds.
  path: Assets/Resources/tempWork/resources/Material/Torus 1.mat
  artifactKey: Guid(dcae9d4655af53d4b878f661eecce750) Importer(815301076,1909f56bfc062723c751e8b465ee728b)
Start importing Assets/Resources/tempWork/resources/Material/Torus 1.mat using Guid(dcae9d4655af53d4b878f661eecce750) Importer(815301076,1909f56bfc062723c751e8b465ee728b) [PhysX] Initialized MultithreadedTaskDispatcher with 16 workers.
[PhysX] Initialized MultithreadedTaskDispatcher with 16 workers.
 -> (artifact id: '9ff7c74720ad17e30bb39ac1ed43ec29') in 0.019306 seconds
Number of updated asset objects reloaded before import = 0
Number of asset objects unloaded after import = 2
========================================================================
Received Import Request.
  Time since last request: 0.000027 seconds.
  path: Assets/Resources/Materials/SimpleToon/Material/Sphere1.mat
  artifactKey: Guid(d9833e0a01d4bf140b1559b18cb59a46) Importer(815301076,1909f56bfc062723c751e8b465ee728b)
Start importing Assets/Resources/Materials/SimpleToon/Material/Sphere1.mat using Guid(d9833e0a01d4bf140b1559b18cb59a46) Importer(815301076,1909f56bfc062723c751e8b465ee728b) [PhysX] Initialized MultithreadedTaskDispatcher with 16 workers.
[PhysX] Initialized MultithreadedTaskDispatcher with 16 workers.
 -> (artifact id: '5f82be72ce50f3d9e1cc9780d335faef') in 0.019405 seconds
Number of updated asset objects reloaded before import = 0
Number of asset objects unloaded after import = 2
========================================================================
Received Import Request.
  Time since last request: 0.000029 seconds.
  path: Assets/Resources/Materials/Grass-1.mat
  artifactKey: Guid(60146497bb8dc1f47be17f99c381db67) Importer(815301076,1909f56bfc062723c751e8b465ee728b)
Start importing Assets/Resources/Materials/Grass-1.mat using Guid(60146497bb8dc1f47be17f99c381db67) Importer(815301076,1909f56bfc062723c751e8b465ee728b) [PhysX] Initialized MultithreadedTaskDispatcher with 16 workers.
[PhysX] Initialized MultithreadedTaskDispatcher with 16 workers.
 -> (artifact id: 'e023b62179515a8932ceb41bd448cb1e') in 0.020970 seconds
Number of updated asset objects reloaded before import = 0
Number of asset objects unloaded after import = 2
========================================================================
Received Import Request.
  Time since last request: 0.000032 seconds.
  path: Assets/Resources/Materials/SimpleToon/Model/Kawaii Slimes/Materials/Slime 1/Slime1_Viking.mat
  artifactKey: Guid(a027387037c52884fbdb0ba64da507c6) Importer(815301076,1909f56bfc062723c751e8b465ee728b)
Start importing Assets/Resources/Materials/SimpleToon/Model/Kawaii Slimes/Materials/Slime 1/Slime1_Viking.mat using Guid(a027387037c52884fbdb0ba64da507c6) Importer(815301076,1909f56bfc062723c751e8b465ee728b) [PhysX] Initialized MultithreadedTaskDispatcher with 16 workers.
[PhysX] Initialized MultithreadedTaskDispatcher with 16 workers.
 -> (artifact id: 'bc475ff118a7524865b9f91a71733bb3') in 0.013304 seconds
Number of updated asset objects reloaded before import = 0
Number of asset objects unloaded after import = 2
========================================================================
Received Import Request.
  Time since last request: 0.000041 seconds.
  path: Assets/Resources/tempWork/resources/Materials/block 4.mat
  artifactKey: Guid(79bfa0617de4249a3868393c60d861c9) Importer(815301076,1909f56bfc062723c751e8b465ee728b)
Start importing Assets/Resources/tempWork/resources/Materials/block 4.mat using Guid(79bfa0617de4249a3868393c60d861c9) Importer(815301076,1909f56bfc062723c751e8b465ee728b) [PhysX] Initialized MultithreadedTaskDispatcher with 16 workers.
[PhysX] Initialized MultithreadedTaskDispatcher with 16 workers.
 -> (artifact id: '95d79b4245b613600d440a77760a53cc') in 0.024605 seconds
Number of updated asset objects reloaded before import = 0
Number of asset objects unloaded after import = 3
========================================================================
Received Import Request.
  Time since last request: 0.000059 seconds.
  path: Assets/Resources/tempWork/resources/Material/Torus 2.mat
  artifactKey: Guid(2cdafb9ad08f58e47afe110a365ae2de) Importer(815301076,1909f56bfc062723c751e8b465ee728b)
Start importing Assets/Resources/tempWork/resources/Material/Torus 2.mat using Guid(2cdafb9ad08f58e47afe110a365ae2de) Importer(815301076,1909f56bfc062723c751e8b465ee728b) [PhysX] Initialized MultithreadedTaskDispatcher with 16 workers.
[PhysX] Initialized MultithreadedTaskDispatcher with 16 workers.
 -> (artifact id: '498d39c8b0d56dc4fe076257b80c8ec5') in 0.015073 seconds
Number of updated asset objects reloaded before import = 0
Number of asset objects unloaded after import = 2
========================================================================
Received Import Request.
  Time since last request: 0.000029 seconds.
  path: Assets/Resources/Materials/SimpleToon/Model/Kawaii Slimes/Materials/Slime 3/Slime3 3.mat
  artifactKey: Guid(f7261cdeea2a5d14aa91fb8ca306cf74) Importer(815301076,1909f56bfc062723c751e8b465ee728b)
Start importing Assets/Resources/Materials/SimpleToon/Model/Kawaii Slimes/Materials/Slime 3/Slime3 3.mat using Guid(f7261cdeea2a5d14aa91fb8ca306cf74) Importer(815301076,1909f56bfc062723c751e8b465ee728b) [PhysX] Initialized MultithreadedTaskDispatcher with 16 workers.
[PhysX] Initialized MultithreadedTaskDispatcher with 16 workers.
 -> (artifact id: '1d044f15766d285493024ce04665f992') in 0.018584 seconds
Number of updated asset objects reloaded before import = 0
Number of asset objects unloaded after import = 3
========================================================================
Received Import Request.
  Time since last request: 0.000030 seconds.
  path: Assets/Resources/tempWork/resources/Material/Sphere2.mat
  artifactKey: Guid(3a41d76e3e8e3974db96dfcd68715984) Importer(815301076,1909f56bfc062723c751e8b465ee728b)
Start importing Assets/Resources/tempWork/resources/Material/Sphere2.mat using Guid(3a41d76e3e8e3974db96dfcd68715984) Importer(815301076,1909f56bfc062723c751e8b465ee728b) [PhysX] Initialized MultithreadedTaskDispatcher with 16 workers.
[PhysX] Initialized MultithreadedTaskDispatcher with 16 workers.
 -> (artifact id: '67eb1136ddb719e6d33d767c2c2a5b42') in 0.012419 seconds
Number of updated asset objects reloaded before import = 0
Number of asset objects unloaded after import = 2
========================================================================
Received Import Request.
  Time since last request: 0.000034 seconds.
  path: Assets/Resources/Materials/SimpleToon/Model/Kawaii Slimes/Materials/Slime 3/Slime3 4.mat
  artifactKey: Guid(b7528d5fd1a11f548b436757d44bad01) Importer(815301076,1909f56bfc062723c751e8b465ee728b)
Start importing Assets/Resources/Materials/SimpleToon/Model/Kawaii Slimes/Materials/Slime 3/Slime3 4.mat using Guid(b7528d5fd1a11f548b436757d44bad01) Importer(815301076,1909f56bfc062723c751e8b465ee728b) [PhysX] Initialized MultithreadedTaskDispatcher with 16 workers.
[PhysX] Initialized MultithreadedTaskDispatcher with 16 workers.
 -> (artifact id: '40867317adf86591092d4d54e60a4bdd') in 0.019699 seconds
Number of updated asset objects reloaded before import = 0
Number of asset objects unloaded after import = 3
========================================================================
Received Import Request.
  Time since last request: 0.000028 seconds.
  path: Assets/Resources/tempWork/resources/kanban.mat
  artifactKey: Guid(b9cbefbddb8cf431b8fccc561167bc88) Importer(815301076,1909f56bfc062723c751e8b465ee728b)
Start importing Assets/Resources/tempWork/resources/kanban.mat using Guid(b9cbefbddb8cf431b8fccc561167bc88) Importer(815301076,1909f56bfc062723c751e8b465ee728b) [PhysX] Initialized MultithreadedTaskDispatcher with 16 workers.
[PhysX] Initialized MultithreadedTaskDispatcher with 16 workers.
 -> (artifact id: 'bbcf1a78e736ab0d2e477383400d6ccd') in 0.024510 seconds
Number of updated asset objects reloaded before import = 0
Number of asset objects unloaded after import = 3
========================================================================
Received Import Request.
  Time since last request: 0.000028 seconds.
  path: Assets/Resources/Textures/icons/Materials/comment3_hoso.mat
  artifactKey: Guid(71596153a46f6ad4e89150582467605e) Importer(815301076,1909f56bfc062723c751e8b465ee728b)
Start importing Assets/Resources/Textures/icons/Materials/comment3_hoso.mat using Guid(71596153a46f6ad4e89150582467605e) Importer(815301076,1909f56bfc062723c751e8b465ee728b) [PhysX] Initialized MultithreadedTaskDispatcher with 16 workers.
[PhysX] Initialized MultithreadedTaskDispatcher with 16 workers.
 -> (artifact id: 'ccf66bf7b3ce745f4c8325bae510c06b') in 0.021419 seconds
Number of updated asset objects reloaded before import = 0
Number of asset objects unloaded after import = 3
========================================================================
Received Import Request.
  Time since last request: 0.000034 seconds.
  path: Assets/Resources/tempWork/resources/Material/Materials/glass.mat
  artifactKey: Guid(e3e929eabff6840f49bd0567f3379c31) Importer(815301076,1909f56bfc062723c751e8b465ee728b)
Start importing Assets/Resources/tempWork/resources/Material/Materials/glass.mat using Guid(e3e929eabff6840f49bd0567f3379c31) Importer(815301076,1909f56bfc062723c751e8b465ee728b) [PhysX] Initialized MultithreadedTaskDispatcher with 16 workers.
[PhysX] Initialized MultithreadedTaskDispatcher with 16 workers.
 -> (artifact id: '16713f860628d965b7c4b2b0e39dcad3') in 0.025632 seconds
Number of updated asset objects reloaded before import = 0
Number of asset objects unloaded after import = 2
========================================================================
Received Import Request.
  Time since last request: 0.000097 seconds.
  path: Assets/Resources/tempWork/resources/Materials/block.mat
  artifactKey: Guid(34806b249ef614d60a036290d9b7ae6a) Importer(815301076,1909f56bfc062723c751e8b465ee728b)
Start importing Assets/Resources/tempWork/resources/Materials/block.mat using Guid(34806b249ef614d60a036290d9b7ae6a) Importer(815301076,1909f56bfc062723c751e8b465ee728b) [PhysX] Initialized MultithreadedTaskDispatcher with 16 workers.
[PhysX] Initialized MultithreadedTaskDispatcher with 16 workers.
 -> (artifact id: '41bed1953f40ce9755238dc85a0c653c') in 0.023897 seconds
Number of updated asset objects reloaded before import = 0
Number of asset objects unloaded after import = 3
========================================================================
Received Import Request.
  Time since last request: 0.000038 seconds.
  path: Assets/Resources/Materials/SimpleToon/Skybox/Day_BlueSky_Nothing Equirect.mat
  artifactKey: Guid(dcf333824e76e4b5d97323b6c5df6123) Importer(815301076,1909f56bfc062723c751e8b465ee728b)
Start importing Assets/Resources/Materials/SimpleToon/Skybox/Day_BlueSky_Nothing Equirect.mat using Guid(dcf333824e76e4b5d97323b6c5df6123) Importer(815301076,1909f56bfc062723c751e8b465ee728b) [PhysX] Initialized MultithreadedTaskDispatcher with 16 workers.
[PhysX] Initialized MultithreadedTaskDispatcher with 16 workers.
 -> (artifact id: 'ad1ba2425edeb08430f029f8316239a3') in 0.549010 seconds
Number of updated asset objects reloaded before import = 0
Number of asset objects unloaded after import = 9
========================================================================
Received Import Request.
  Time since last request: 4.270729 seconds.
  path: Packages/com.unity.render-pipelines.universal/Shaders/Unlit.shader
  artifactKey: Guid(650dd9526735d5b46b79224bc6e94025) Importer(815301076,1909f56bfc062723c751e8b465ee728b)
Start importing Packages/com.unity.render-pipelines.universal/Shaders/Unlit.shader using Guid(650dd9526735d5b46b79224bc6e94025) Importer(815301076,1909f56bfc062723c751e8b465ee728b) [PhysX] Initialized MultithreadedTaskDispatcher with 16 workers.
 -> (artifact id: 'b04e203af247424628a0c808d458c324') in 0.001291 seconds
Number of updated asset objects reloaded before import = 0
Number of asset objects unloaded after import = 0
========================================================================
Received Import Request.
  Time since last request: 120.765297 seconds.
  path: Assets/Resources/tempWork/scripts/beltController.cs
  artifactKey: Guid(dbd71862a38e84947afa57daf216cb7f) Importer(815301076,1909f56bfc062723c751e8b465ee728b)
Start importing Assets/Resources/tempWork/scripts/beltController.cs using Guid(dbd71862a38e84947afa57daf216cb7f) Importer(815301076,1909f56bfc062723c751e8b465ee728b) [PhysX] Initialized MultithreadedTaskDispatcher with 16 workers.
 -> (artifact id: 'b8f5088d8b47ee5c3615a50d862ce093') in 0.001186 seconds
Number of updated asset objects reloaded before import = 0
Number of asset objects unloaded after import = 0
========================================================================
Received Import Request.
  Time since last request: 0.705047 seconds.
  path: Assets/Resources/tempWork/scripts/kanbanController.cs
  artifactKey: Guid(0a863dad756824bc093d6729245fc3fc) Importer(815301076,1909f56bfc062723c751e8b465ee728b)
Start importing Assets/Resources/tempWork/scripts/kanbanController.cs using Guid(0a863dad756824bc093d6729245fc3fc) Importer(815301076,1909f56bfc062723c751e8b465ee728b) [PhysX] Initialized MultithreadedTaskDispatcher with 16 workers.
 -> (artifact id: '9e6ae9a1c7163de8c89e50fb7a9cca05') in 0.000793 seconds
Number of updated asset objects reloaded before import = 0
Number of asset objects unloaded after import = 0
========================================================================
Received Prepare
Caller must complete domain reload
Begin MonoManager ReloadAssembly
- Loaded All Assemblies, in  2.135 seconds
Native extension for WindowsStandalone target not found
Native extension for Android target not found
[Package Manager] Server::EnsureServerProcessIsRunning -- launch failed, reason: Unity was launched with the -noUpm command-line argument
[Package Manager] UpmClient::Send -- Unable to send message (not connected to UPM process).
[Package Manager] Cannot connect to Unity Package Manager local server
Mono: successfully reloaded assembly
- Finished resetting the current domain, in  1.675 seconds
Domain Reload Profiling: 3808ms
	BeginReloadAssembly (1515ms)
		ExecutionOrderSort (0ms)
		DisableScriptedObjects (1216ms)
		BackupInstance (0ms)
		ReleaseScriptingObjects (0ms)
		CreateAndSetChildDomain (95ms)
	RebuildCommonClasses (47ms)
	RebuildNativeTypeToScriptingClass (14ms)
	initialDomainReloadingComplete (45ms)
	LoadAllAssembliesAndSetupDomain (513ms)
		LoadAssemblies (565ms)
		RebuildTransferFunctionScriptingTraits (0ms)
		AnalyzeDomain (87ms)
			TypeCache.Refresh (14ms)
				TypeCache.ScanAssembly (1ms)
			ScanForSourceGeneratedMonoScriptInfo (45ms)
			ResolveRequiredComponents (27ms)
	FinalizeReload (1676ms)
		ReleaseScriptCaches (0ms)
		RebuildScriptCaches (0ms)
		SetupLoadedEditorAssemblies (1290ms)
			LogAssemblyErrors (0ms)
			InitializePlatformSupportModulesInManaged (34ms)
			SetLoadedEditorAssemblies (8ms)
			RefreshPlugins (0ms)
			BeforeProcessingInitializeOnLoad (163ms)
			ProcessInitializeOnLoadAttributes (953ms)
			ProcessInitializeOnLoadMethodAttributes (122ms)
			AfterProcessingInitializeOnLoad (10ms)
			EditorAssembliesLoaded (1ms)
		ExecutionOrderSort2 (0ms)
		AwakeInstancesAfterBackupRestoration (40ms)
Refreshing native plugins compatible for Editor in 11.26 ms, found 6 plugins.
Preloading 0 native plugins for Editor in 0.00 ms.
Unloading 6741 Unused Serialized files (Serialized files now loaded: 0)
Unloading 43 unused Assets / (1.8 MB). Loaded Objects now: 7555.
Memory consumption went from 251.8 MB to 250.0 MB.
Total: 6.206100 ms (FindLiveObjects: 0.707600 ms CreateObjectMapping: 0.356800 ms MarkObjects: 4.558400 ms  DeleteObjects: 0.582400 ms)

Prepare: number of updated asset objects reloaded= 0
AssetImportParameters requested are different than current active one (requested -> active):
  custom:scripting/monoscript/fileName/groundPlaneGenerator.cs: 824cfbfd90c80682e3c38208b6a88b94 -> 78760a5eda0f63e89c8261e046fa939a
  custom:container-demuxer-ogg: 62fdf1f143b41e24485cea50d1cbac27 -> 
  custom:framework-win-MediaFoundation: 216162199b28c13a410421893ffa2e32 -> 
  custom:scripting/monoscript/fileName/StageController.cs: 51a584245a94b36bf95ec5aa6f143806 -> dfdc67014a722699d1000a1bae4032ea
  custom:scripting/monoscript/fileName/playerController.cs: 8a36541facae464d3638fd14fa5b7208 -> 
  custom:container-muxer-webm: aa71ff27fc2769a1b78a27578f13a17b -> 
  custom:video-decoder-webm-vp8: 9c59270c3fd7afecdb556c50c9e8de78 -> 
  custom:SearchIndexIgnoredProperties: e643bd26f0fe6173181afceb89e7c659 -> 
  custom:AudioImporter_EditorPlatform: d09bf68614088b80899f8185d706f6e7 -> 
  custom:audio-decoder-ogg-vorbis: bf7c407c2cedff20999df2af8eb42d56 -> 
  custom:audio-encoder-webm-vorbis: bf7c407c2cedff20999df2af8eb42d56 -> 
  custom:scripting/monoscript/fileName/beltController.cs: d5447ad7e4db5ce9bb31a7848c0ea036 -> d84cf5a977b6afef59f860f083239f0a
  custom:scripting/precompiled-assembly-types:Assembly-CSharp: 5a34240075157cbc22ab46224d1bf5b7 -> feafa2ca34e42cc5345c0c33d2d44692
  custom:video-codec-MediaFoundation-h265: 746d11721c4dcdbdad8f713fa42b33f4 -> 
  custom:video-decoder-ogg-theora: a1e56fd34408186e4bbccfd4996cb3dc -> 
  custom:scripting/monoscript/fileName/CheckPointController.cs: 21366e98fd2751c5950c768f314907ec -> e5355b76b39e4561031b9e28ef761ebf
  custom:scripting/monoscript/fileName/kanbanController.cs: 0beab0e0d7ea39c245d2dd20c71b00b3 -> 393a6a6df2c97192bc076abd94273776
  custom:CustomObjectIndexerAttribute: 72b91833f83ae208fae7752999fa3104 -> 
  custom:container-demuxer-webm: 4f35f7cbe854078d1ac9338744f61a02 -> 
  custom:scripting/monoscript/fileName/jumPlateController.cs: 7ce5074295808d471b18329f0400ca94 -> b74d1614b17dce24723e48acfd44047f
  custom:scripting/monoscript/fileName/textureController.cs: 77fb205f53a2e5e38187edc36fbdca03 -> 
  custom:video-encoder-webm-vp8: eb34c28f22e8b96e1ab97ce403110664 -> 
========================================================================
Received Import Request.
  Time since last request: 112.107449 seconds.
  path: Assets/Resources/tempWork/resources/Material
  artifactKey: Guid(cceff59406c058b498a34e1470f73585) Importer(815301076,1909f56bfc062723c751e8b465ee728b)
Start importing Assets/Resources/tempWork/resources/Material using Guid(cceff59406c058b498a34e1470f73585) Importer(815301076,1909f56bfc062723c751e8b465ee728b) [PhysX] Initialized MultithreadedTaskDispatcher with 16 workers.
 -> (artifact id: 'c1ccab6760759a9a1ace76aec6adc8e6') in 0.005305 seconds
Number of updated asset objects reloaded before import = 0
Number of asset objects unloaded after import = 0
========================================================================
Received Import Request.
  Time since last request: 10.164728 seconds.
  path: Assets/Resources/tempWork/resources/belt.prefab
  artifactKey: Guid(305dc19b58fbf4ebc8c7a9828adf5c24) Importer(815301076,1909f56bfc062723c751e8b465ee728b)
Start importing Assets/Resources/tempWork/resources/belt.prefab using Guid(305dc19b58fbf4ebc8c7a9828adf5c24) Importer(815301076,1909f56bfc062723c751e8b465ee728b) [PhysX] Initialized MultithreadedTaskDispatcher with 16 workers.
[PhysX] Initialized MultithreadedTaskDispatcher with 16 workers.
 -> (artifact id: 'bc9a2446f22730e4a9f7fa3f45bc4a66') in 0.401367 seconds
Number of updated asset objects reloaded before import = 0
Number of asset objects unloaded after import = 36
========================================================================
Received Import Request.
  Time since last request: 4.047515 seconds.
  path: Assets/Resources/tempWork/resources/スクリーンショット 2024-10-12 19.00.54.png
  artifactKey: Guid(257afb846b17842a8aac7bb250d396f2) Importer(815301076,1909f56bfc062723c751e8b465ee728b)
Start importing Assets/Resources/tempWork/resources/スクリーンショット 2024-10-12 19.00.54.png using Guid(257afb846b17842a8aac7bb250d396f2) Importer(815301076,1909f56bfc062723c751e8b465ee728b) [PhysX] Initialized MultithreadedTaskDispatcher with 16 workers.
[PhysX] Initialized MultithreadedTaskDispatcher with 16 workers.
 -> (artifact id: 'fed9d5dc9fca0e029c6ded9f2b207ab8') in 0.035959 seconds
Number of updated asset objects reloaded before import = 0
Number of asset objects unloaded after import = 2
========================================================================
Received Import Request.
  Time since last request: 13.377546 seconds.
  path: Assets/Resources/3dModel/3DPlayer
  artifactKey: Guid(45db3fdd38a34df4095bb024a45489cc) Importer(815301076,1909f56bfc062723c751e8b465ee728b)
Start importing Assets/Resources/3dModel/3DPlayer using Guid(45db3fdd38a34df4095bb024a45489cc) Importer(815301076,1909f56bfc062723c751e8b465ee728b) [PhysX] Initialized MultithreadedTaskDispatcher with 16 workers.
 -> (artifact id: '70bf033b52273f9ecfbf9cb1173718e9') in 0.000907 seconds
Number of updated asset objects reloaded before import = 0
Number of asset objects unloaded after import = 0
========================================================================
Received Import Request.
  Time since last request: 26.418072 seconds.
  path: Assets/Plugins/New Folder
  artifactKey: Guid(b60e61044f297d2478130ac3c1342445) Importer(815301076,1909f56bfc062723c751e8b465ee728b)
Start importing Assets/Plugins/New Folder using Guid(b60e61044f297d2478130ac3c1342445) Importer(815301076,1909f56bfc062723c751e8b465ee728b) [PhysX] Initialized MultithreadedTaskDispatcher with 16 workers.
 -> (artifact id: '0a6d4c9525903d946589c2b124cc2d5d') in 0.000923 seconds
Number of updated asset objects reloaded before import = 0
Number of asset objects unloaded after import = 0
========================================================================
Received Import Request.
  Time since last request: 34.426200 seconds.
  path: Assets/a
  artifactKey: Guid(86d846a8babbe1749a73a7da7ebc8d3d) Importer(815301076,1909f56bfc062723c751e8b465ee728b)
Start importing Assets/a using Guid(86d846a8babbe1749a73a7da7ebc8d3d) Importer(815301076,1909f56bfc062723c751e8b465ee728b) [PhysX] Initialized MultithreadedTaskDispatcher with 16 workers.
 -> (artifact id: '4b7f9d1cf44bd22365bcd3199f27ce26') in 0.001159 seconds
Number of updated asset objects reloaded before import = 0
Number of asset objects unloaded after import = 0
========================================================================
Received Import Request.
  Time since last request: 5.659392 seconds.
  path: Assets/Project
  artifactKey: Guid(86d846a8babbe1749a73a7da7ebc8d3d) Importer(815301076,1909f56bfc062723c751e8b465ee728b)
Start importing Assets/Project using Guid(86d846a8babbe1749a73a7da7ebc8d3d) Importer(815301076,1909f56bfc062723c751e8b465ee728b) [PhysX] Initialized MultithreadedTaskDispatcher with 16 workers.
 -> (artifact id: '3336bc936a78bb90b271a8b6a3ff7f55') in 0.000900 seconds
Number of updated asset objects reloaded before import = 0
Number of asset objects unloaded after import = 0
========================================================================
Received Import Request.
  Time since last request: 5.427865 seconds.
  path: Assets/Project/Audio
  artifactKey: Guid(82af25c7058c5974791d197b6c327d5b) Importer(815301076,1909f56bfc062723c751e8b465ee728b)
Start importing Assets/Project/Audio using Guid(82af25c7058c5974791d197b6c327d5b) Importer(815301076,1909f56bfc062723c751e8b465ee728b) [PhysX] Initialized MultithreadedTaskDispatcher with 16 workers.
 -> (artifact id: '59a1469a0330944d8416abc53765e726') in 0.000877 seconds
Number of updated asset objects reloaded before import = 0
Number of asset objects unloaded after import = 0
========================================================================
Received Import Request.
  Time since last request: 6.546005 seconds.
  path: Assets/Project/Design
  artifactKey: Guid(43fdf9add6981a04db8cd48f3fc60e15) Importer(815301076,1909f56bfc062723c751e8b465ee728b)
Start importing Assets/Project/Design using Guid(43fdf9add6981a04db8cd48f3fc60e15) Importer(815301076,1909f56bfc062723c751e8b465ee728b) [PhysX] Initialized MultithreadedTaskDispatcher with 16 workers.
 -> (artifact id: '10a31635847f107aced78500dafffa1f') in 0.001199 seconds
Number of updated asset objects reloaded before import = 0
Number of asset objects unloaded after import = 0
========================================================================
Received Import Request.
  Time since last request: 11.361775 seconds.
  path: Assets/Project/Program
  artifactKey: Guid(3d8bf2a02e17f26429b69bbd33e3c16a) Importer(815301076,1909f56bfc062723c751e8b465ee728b)
Start importing Assets/Project/Program using Guid(3d8bf2a02e17f26429b69bbd33e3c16a) Importer(815301076,1909f56bfc062723c751e8b465ee728b) [PhysX] Initialized MultithreadedTaskDispatcher with 16 workers.
 -> (artifact id: 'fd7969d567d213b4eb15570a52583830') in 0.000709 seconds
Number of updated asset objects reloaded before import = 0
Number of asset objects unloaded after import = 0
========================================================================
Received Import Request.
  Time since last request: 144.938823 seconds.
  path: Assets/Resources/3dModel/3DPlayer/Armature_summon_v1.anim
  artifactKey: Guid(8f457134befb64b1fb516b538eb5e44c) Importer(815301076,1909f56bfc062723c751e8b465ee728b)
Start importing Assets/Resources/3dModel/3DPlayer/Armature_summon_v1.anim using Guid(8f457134befb64b1fb516b538eb5e44c) Importer(815301076,1909f56bfc062723c751e8b465ee728b) [PhysX] Initialized MultithreadedTaskDispatcher with 16 workers.
 -> (artifact id: '1ebcd7d800f560f72d0d090fd740cfef') in 0.005067 seconds
Number of updated asset objects reloaded before import = 0
Number of asset objects unloaded after import = 1
========================================================================
Received Import Request.
  Time since last request: 21.291357 seconds.
  path: Assets/Project/New Folder
  artifactKey: Guid(c3ddcfc7e48266245a865c614824f5af) Importer(815301076,1909f56bfc062723c751e8b465ee728b)
Start importing Assets/Project/New Folder using Guid(c3ddcfc7e48266245a865c614824f5af) Importer(815301076,1909f56bfc062723c751e8b465ee728b) [PhysX] Initialized MultithreadedTaskDispatcher with 16 workers.
 -> (artifact id: 'abe485400672090461a54076436afd30') in 0.001032 seconds
Number of updated asset objects reloaded before import = 0
Number of asset objects unloaded after import = 0
========================================================================
Received Import Request.
  Time since last request: 10.520822 seconds.
  path: Assets/Project/Program/HomeScene
  artifactKey: Guid(254914f21bc264f4da8d1ec7ae5a0ab6) Importer(815301076,1909f56bfc062723c751e8b465ee728b)
Start importing Assets/Project/Program/HomeScene using Guid(254914f21bc264f4da8d1ec7ae5a0ab6) Importer(815301076,1909f56bfc062723c751e8b465ee728b) [PhysX] Initialized MultithreadedTaskDispatcher with 16 workers.
 -> (artifact id: '6b3ad09e4c91de5b1dc3d828b6f5d6e4') in 0.001223 seconds
Number of updated asset objects reloaded before import = 0
Number of asset objects unloaded after import = 0
========================================================================
Received Import Request.
  Time since last request: 19.791762 seconds.
  path: Assets/Project/Program/HomeScene/Scripts
  artifactKey: Guid(f1107255f9b1caf4db06120345ced96b) Importer(815301076,1909f56bfc062723c751e8b465ee728b)
Start importing Assets/Project/Program/HomeScene/Scripts using Guid(f1107255f9b1caf4db06120345ced96b) Importer(815301076,1909f56bfc062723c751e8b465ee728b) [PhysX] Initialized MultithreadedTaskDispatcher with 16 workers.
 -> (artifact id: '7621dda69a983efa93637797960545a5') in 0.000851 seconds
Number of updated asset objects reloaded before import = 0
Number of asset objects unloaded after import = 0
========================================================================
Received Import Request.
  Time since last request: 6.070978 seconds.
  path: Assets/Project/Program/HomeScene/Material
  artifactKey: Guid(2bfe76f44662fc14e81553f0d6803772) Importer(815301076,1909f56bfc062723c751e8b465ee728b)
Start importing Assets/Project/Program/HomeScene/Material using Guid(2bfe76f44662fc14e81553f0d6803772) Importer(815301076,1909f56bfc062723c751e8b465ee728b) [PhysX] Initialized MultithreadedTaskDispatcher with 16 workers.
 -> (artifact id: 'a97a8ac69083606103ac8973a1254f10') in 0.000923 seconds
Number of updated asset objects reloaded before import = 0
Number of asset objects unloaded after import = 0
========================================================================
Received Import Request.
  Time since last request: 44.540494 seconds.
  path: Assets/Project/Design/icons/New Folder
  artifactKey: Guid(b6f5a44b721092c41b6b999f2b80244c) Importer(815301076,1909f56bfc062723c751e8b465ee728b)
Start importing Assets/Project/Design/icons/New Folder using Guid(b6f5a44b721092c41b6b999f2b80244c) Importer(815301076,1909f56bfc062723c751e8b465ee728b) [PhysX] Initialized MultithreadedTaskDispatcher with 16 workers.
 -> (artifact id: 'b36862cdaa28f6dbcc90006011ea282d') in 0.000924 seconds
Number of updated asset objects reloaded before import = 0
Number of asset objects unloaded after import = 0
========================================================================
Received Import Request.
  Time since last request: 13.586172 seconds.
  path: Assets/Project/Design/HomeScene
  artifactKey: Guid(96f8085a18eff464f8aadea4b1898ac1) Importer(815301076,1909f56bfc062723c751e8b465ee728b)
Start importing Assets/Project/Design/HomeScene using Guid(96f8085a18eff464f8aadea4b1898ac1) Importer(815301076,1909f56bfc062723c751e8b465ee728b) [PhysX] Initialized MultithreadedTaskDispatcher with 16 workers.
 -> (artifact id: '55588943d82458394abb94c8c79031cc') in 0.001249 seconds
Number of updated asset objects reloaded before import = 0
Number of asset objects unloaded after import = 0
========================================================================
Received Import Request.
  Time since last request: 10.784837 seconds.
  path: Assets/Project/Design/CaptureScene
  artifactKey: Guid(da32c87dcb28ae54e8a4a1222ab7790b) Importer(815301076,1909f56bfc062723c751e8b465ee728b)
Start importing Assets/Project/Design/CaptureScene using Guid(da32c87dcb28ae54e8a4a1222ab7790b) Importer(815301076,1909f56bfc062723c751e8b465ee728b) [PhysX] Initialized MultithreadedTaskDispatcher with 16 workers.
 -> (artifact id: '5a9b12745152150cc7ed70ec365257eb') in 0.000727 seconds
Number of updated asset objects reloaded before import = 0
Number of asset objects unloaded after import = 0
========================================================================
Received Import Request.
  Time since last request: 13.922798 seconds.
  path: Assets/Project/Design/ExploreScene
  artifactKey: Guid(4b6db9b87cc297d4c8e04cb76f312cca) Importer(815301076,1909f56bfc062723c751e8b465ee728b)
Start importing Assets/Project/Design/ExploreScene using Guid(4b6db9b87cc297d4c8e04cb76f312cca) Importer(815301076,1909f56bfc062723c751e8b465ee728b) [PhysX] Initialized MultithreadedTaskDispatcher with 16 workers.
 -> (artifact id: '9da9878aca426abdd64516b90043f767') in 0.000711 seconds
Number of updated asset objects reloaded before import = 0
Number of asset objects unloaded after import = 0
========================================================================
Received Import Request.
  Time since last request: 10.768214 seconds.
  path: Assets/Project/Design/TreeGameScene
  artifactKey: Guid(9d2c390eb4bb4b94cb4752c9643508fb) Importer(815301076,1909f56bfc062723c751e8b465ee728b)
Start importing Assets/Project/Design/TreeGameScene using Guid(9d2c390eb4bb4b94cb4752c9643508fb) Importer(815301076,1909f56bfc062723c751e8b465ee728b) [PhysX] Initialized MultithreadedTaskDispatcher with 16 workers.
 -> (artifact id: '99d88589feceef6ffa1742804fc5a3d4') in 0.000750 seconds
Number of updated asset objects reloaded before import = 0
Number of asset objects unloaded after import = 0
========================================================================
Received Import Request.
  Time since last request: 89.730492 seconds.
  path: Assets/Project/Program/HomeScene 1
  artifactKey: Guid(9667d5861eed8784781f62b11be2695f) Importer(815301076,1909f56bfc062723c751e8b465ee728b)
Start importing Assets/Project/Program/HomeScene 1 using Guid(9667d5861eed8784781f62b11be2695f) Importer(815301076,1909f56bfc062723c751e8b465ee728b) [PhysX] Initialized MultithreadedTaskDispatcher with 16 workers.
 -> (artifact id: 'e00d7f90ace73ab5c011d0aab4959bdf') in 0.001172 seconds
Number of updated asset objects reloaded before import = 0
Number of asset objects unloaded after import = 0
========================================================================
Received Import Request.
  Time since last request: 5.561770 seconds.
  path: Assets/Project/Program/HomeScene 1
  artifactKey: Guid(a7decc779d2153846b2d2bb816185456) Importer(815301076,1909f56bfc062723c751e8b465ee728b)
Start importing Assets/Project/Program/HomeScene 1 using Guid(a7decc779d2153846b2d2bb816185456) Importer(815301076,1909f56bfc062723c751e8b465ee728b) [PhysX] Initialized MultithreadedTaskDispatcher with 16 workers.
 -> (artifact id: '8d87f7bf383074d1a588bcc4411c7bf2') in 0.000824 seconds
Number of updated asset objects reloaded before import = 0
Number of asset objects unloaded after import = 0
========================================================================
Received Import Request.
  Time since last request: 9.606189 seconds.
  path: Assets/Project/Program/HomeScene 1
  artifactKey: Guid(64f7a3e2242c18142a1db123d24b826f) Importer(815301076,1909f56bfc062723c751e8b465ee728b)
Start importing Assets/Project/Program/HomeScene 1 using Guid(64f7a3e2242c18142a1db123d24b826f) Importer(815301076,1909f56bfc062723c751e8b465ee728b) [PhysX] Initialized MultithreadedTaskDispatcher with 16 workers.
 -> (artifact id: 'ff141eb936644601f639f5999e704cc5') in 0.000783 seconds
Number of updated asset objects reloaded before import = 0
Number of asset objects unloaded after import = 0
========================================================================
Received Import Request.
  Time since last request: 10.819721 seconds.
  path: Assets/Project/Program/CaptureScene
  artifactKey: Guid(9667d5861eed8784781f62b11be2695f) Importer(815301076,1909f56bfc062723c751e8b465ee728b)
Start importing Assets/Project/Program/CaptureScene using Guid(9667d5861eed8784781f62b11be2695f) Importer(815301076,1909f56bfc062723c751e8b465ee728b) [PhysX] Initialized MultithreadedTaskDispatcher with 16 workers.
 -> (artifact id: '84ff1df982384e6faf6e019e1446b62e') in 0.000752 seconds
Number of updated asset objects reloaded before import = 0
Number of asset objects unloaded after import = 0
========================================================================
Received Prepare
Caller must complete domain reload
Begin MonoManager ReloadAssembly
- Loaded All Assemblies, in  1.131 seconds
Native extension for WindowsStandalone target not found
Native extension for Android target not found
[Package Manager] Server::EnsureServerProcessIsRunning -- launch failed, reason: Unity was launched with the -noUpm command-line argument
[Package Manager] UpmClient::Send -- Unable to send message (not connected to UPM process).
[Package Manager] Cannot connect to Unity Package Manager local server
Mono: successfully reloaded assembly
- Finished resetting the current domain, in  3.184 seconds
Domain Reload Profiling: 4305ms
	BeginReloadAssembly (288ms)
		ExecutionOrderSort (0ms)
		DisableScriptedObjects (22ms)
		BackupInstance (0ms)
		ReleaseScriptingObjects (0ms)
		CreateAndSetChildDomain (71ms)
	RebuildCommonClasses (64ms)
	RebuildNativeTypeToScriptingClass (41ms)
	initialDomainReloadingComplete (112ms)
	LoadAllAssembliesAndSetupDomain (615ms)
		LoadAssemblies (648ms)
		RebuildTransferFunctionScriptingTraits (0ms)
		AnalyzeDomain (102ms)
			TypeCache.Refresh (21ms)
				TypeCache.ScanAssembly (2ms)
			ScanForSourceGeneratedMonoScriptInfo (62ms)
			ResolveRequiredComponents (19ms)
	FinalizeReload (3185ms)
		ReleaseScriptCaches (0ms)
		RebuildScriptCaches (0ms)
		SetupLoadedEditorAssemblies (1372ms)
			LogAssemblyErrors (0ms)
			InitializePlatformSupportModulesInManaged (25ms)
			SetLoadedEditorAssemblies (7ms)
			RefreshPlugins (0ms)
			BeforeProcessingInitializeOnLoad (177ms)
			ProcessInitializeOnLoadAttributes (1026ms)
			ProcessInitializeOnLoadMethodAttributes (123ms)
			AfterProcessingInitializeOnLoad (13ms)
			EditorAssembliesLoaded (1ms)
		ExecutionOrderSort2 (0ms)
		AwakeInstancesAfterBackupRestoration (51ms)
Refreshing native plugins compatible for Editor in 12.60 ms, found 6 plugins.
Preloading 0 native plugins for Editor in 0.00 ms.
Unloading 6741 Unused Serialized files (Serialized files now loaded: 0)
Unloading 43 unused Assets / (1.8 MB). Loaded Objects now: 7612.
Memory consumption went from 251.9 MB to 250.1 MB.
Total: 9.123000 ms (FindLiveObjects: 1.751100 ms CreateObjectMapping: 0.688000 ms MarkObjects: 5.702700 ms  DeleteObjects: 0.978800 ms)

Prepare: number of updated asset objects reloaded= 0
AssetImportParameters requested are different than current active one (requested -> active):
  custom:scripting/monoscript/fileName/groundPlaneGenerator.cs: 824cfbfd90c80682e3c38208b6a88b94 -> 78760a5eda0f63e89c8261e046fa939a
  custom:container-demuxer-ogg: 62fdf1f143b41e24485cea50d1cbac27 -> 
  custom:framework-win-MediaFoundation: 216162199b28c13a410421893ffa2e32 -> 
  custom:scripting/monoscript/fileName/StageController.cs: 51a584245a94b36bf95ec5aa6f143806 -> dfdc67014a722699d1000a1bae4032ea
  custom:scripting/monoscript/fileName/playerController.cs: 8a36541facae464d3638fd14fa5b7208 -> 
  custom:container-muxer-webm: aa71ff27fc2769a1b78a27578f13a17b -> 
  custom:video-decoder-webm-vp8: 9c59270c3fd7afecdb556c50c9e8de78 -> 
  custom:SearchIndexIgnoredProperties: e643bd26f0fe6173181afceb89e7c659 -> 
  custom:AudioImporter_EditorPlatform: d09bf68614088b80899f8185d706f6e7 -> 
  custom:audio-decoder-ogg-vorbis: bf7c407c2cedff20999df2af8eb42d56 -> 
  custom:audio-encoder-webm-vorbis: bf7c407c2cedff20999df2af8eb42d56 -> 
  custom:scripting/monoscript/fileName/beltController.cs: d5447ad7e4db5ce9bb31a7848c0ea036 -> d84cf5a977b6afef59f860f083239f0a
  custom:scripting/precompiled-assembly-types:Assembly-CSharp: 5a43e8244df9b149c5ee0b029283c6f7 -> feafa2ca34e42cc5345c0c33d2d44692
  custom:video-codec-MediaFoundation-h265: 746d11721c4dcdbdad8f713fa42b33f4 -> 
  custom:scripting/monoscript/fileName/WebCameraCutManager.cs: 86f67846ae23dfa7b2887d90daa83b48 -> 42ffa28137b5ea0fe95d369351811780
  custom:video-decoder-ogg-theora: a1e56fd34408186e4bbccfd4996cb3dc -> 
  custom:scripting/monoscript/fileName/CheckPointController.cs: 21366e98fd2751c5950c768f314907ec -> e5355b76b39e4561031b9e28ef761ebf
  custom:scripting/monoscript/fileName/kanbanController.cs: 0beab0e0d7ea39c245d2dd20c71b00b3 -> 393a6a6df2c97192bc076abd94273776
  custom:CustomObjectIndexerAttribute: 72b91833f83ae208fae7752999fa3104 -> 
  custom:container-demuxer-webm: 4f35f7cbe854078d1ac9338744f61a02 -> 
  custom:scripting/monoscript/fileName/jumPlateController.cs: 7ce5074295808d471b18329f0400ca94 -> b74d1614b17dce24723e48acfd44047f
  custom:scripting/monoscript/fileName/textureController.cs: 77fb205f53a2e5e38187edc36fbdca03 -> 
  custom:video-encoder-webm-vp8: eb34c28f22e8b96e1ab97ce403110664 -> 
========================================================================
Received Import Request.
  Time since last request: 62.642993 seconds.
  path: Assets/Project/Program/HomeScene/Scripts/Home/HomeWarpHole.cs
  artifactKey: Guid(622027ec743b0d440b95e14704b72161) Importer(815301076,1909f56bfc062723c751e8b465ee728b)
Start importing Assets/Project/Program/HomeScene/Scripts/Home/HomeWarpHole.cs using Guid(622027ec743b0d440b95e14704b72161) Importer(815301076,1909f56bfc062723c751e8b465ee728b) [PhysX] Initialized MultithreadedTaskDispatcher with 16 workers.
 -> (artifact id: 'b39fcc3517954cc6eb12480d27681b08') in 0.005511 seconds
Number of updated asset objects reloaded before import = 0
Number of asset objects unloaded after import = 0
========================================================================
Received Prepare
Caller must complete domain reload
Begin MonoManager ReloadAssembly
- Loaded All Assemblies, in  0.952 seconds
Native extension for WindowsStandalone target not found
Native extension for Android target not found
[Package Manager] Server::EnsureServerProcessIsRunning -- launch failed, reason: Unity was launched with the -noUpm command-line argument
[Package Manager] UpmClient::Send -- Unable to send message (not connected to UPM process).
[Package Manager] Cannot connect to Unity Package Manager local server
Mono: successfully reloaded assembly
- Finished resetting the current domain, in  2.729 seconds
Domain Reload Profiling: 3675ms
	BeginReloadAssembly (297ms)
		ExecutionOrderSort (0ms)
		DisableScriptedObjects (21ms)
		BackupInstance (0ms)
		ReleaseScriptingObjects (0ms)
		CreateAndSetChildDomain (75ms)
	RebuildCommonClasses (60ms)
	RebuildNativeTypeToScriptingClass (23ms)
	initialDomainReloadingComplete (57ms)
	LoadAllAssembliesAndSetupDomain (509ms)
		LoadAssemblies (563ms)
		RebuildTransferFunctionScriptingTraits (0ms)
		AnalyzeDomain (85ms)
			TypeCache.Refresh (18ms)
				TypeCache.ScanAssembly (2ms)
			ScanForSourceGeneratedMonoScriptInfo (47ms)
			ResolveRequiredComponents (19ms)
	FinalizeReload (2730ms)
		ReleaseScriptCaches (0ms)
		RebuildScriptCaches (0ms)
		SetupLoadedEditorAssemblies (1135ms)
			LogAssemblyErrors (0ms)
			InitializePlatformSupportModulesInManaged (27ms)
			SetLoadedEditorAssemblies (7ms)
			RefreshPlugins (0ms)
			BeforeProcessingInitializeOnLoad (153ms)
			ProcessInitializeOnLoadAttributes (822ms)
			ProcessInitializeOnLoadMethodAttributes (116ms)
			AfterProcessingInitializeOnLoad (10ms)
			EditorAssembliesLoaded (1ms)
		ExecutionOrderSort2 (0ms)
		AwakeInstancesAfterBackupRestoration (39ms)
Refreshing native plugins compatible for Editor in 10.05 ms, found 6 plugins.
Preloading 0 native plugins for Editor in 0.00 ms.
Unloading 6741 Unused Serialized files (Serialized files now loaded: 0)
Unloading 43 unused Assets / (1.8 MB). Loaded Objects now: 7629.
Memory consumption went from 251.9 MB to 250.1 MB.
Total: 6.677400 ms (FindLiveObjects: 0.890500 ms CreateObjectMapping: 0.550500 ms MarkObjects: 4.620500 ms  DeleteObjects: 0.614300 ms)

Prepare: number of updated asset objects reloaded= 0
AssetImportParameters requested are different than current active one (requested -> active):
  custom:scripting/monoscript/fileName/groundPlaneGenerator.cs: 66dd2fa82d64ae4f9fcc5c6231b0cfb1 -> 78760a5eda0f63e89c8261e046fa939a
  custom:scripting/monoscript/fileName/WebcamStripeDetection.cs: 5fa6fb834e8d6d1e081b1db1cb099f56 -> 130699482f32f4cd6d4ef92608f3756c
  custom:container-demuxer-ogg: 62fdf1f143b41e24485cea50d1cbac27 -> 
  custom:scripting/monoscript/fileName/TreeGrowingGameManager.cs: b335c53bcb5e26fb2bd6f7eafab6449b -> 37c97f8a22737d5a3bf204f13270e307
  custom:framework-win-MediaFoundation: 216162199b28c13a410421893ffa2e32 -> 
  custom:scripting/monoscript/fileName/StageController.cs: 6be61e1f3486edaa9953f20c89333252 -> dfdc67014a722699d1000a1bae4032ea
  custom:scripting/monoscript/fileName/playerController.cs: 8a36541facae464d3638fd14fa5b7208 -> 
  custom:scripting/monoscript/fileName/EnemyUFO.cs: c9fbb69d8539baf099226189205e18b8 -> 93e1c5f136b3fd1602be2bb19f523ccd
  custom:scripting/monoscript/fileName/TreeGrowEnemy.cs: 7b17fd7e35c1a809be7fbd8a33a5eb8e -> 3a73412f44bfbad99110aacf21e20bd0
  custom:scripting/monoscript/fileName/HomeManager.cs: cccdfb04bf62cab9c1d60ed333a71bfa -> c08f6cade8ef80fe810dd532b711d882
  custom:scripting/monoscript/fileName/FollowShadow.cs: fd863c6c1101400a25c327d8a8522ae1 -> 631a2500d529cf4902a5d4e5b5431669
  custom:container-muxer-webm: aa71ff27fc2769a1b78a27578f13a17b -> 
  custom:video-decoder-webm-vp8: 9c59270c3fd7afecdb556c50c9e8de78 -> 
  custom:SearchIndexIgnoredProperties: e643bd26f0fe6173181afceb89e7c659 -> 
  custom:AudioImporter_EditorPlatform: d09bf68614088b80899f8185d706f6e7 -> 
  custom:scripting/monoscript/fileName/SummonController.cs: dd351afa352cf273727deb63ee8c7140 -> 5bb447ab396c152871d768e99ff2b5ea
  custom:scripting/monoscript/fileName/CoinGetter.cs: 3372e4496adf0fea0a315463a38bd79c -> 3d6c24f5fd953e028cdb31f9e1fa5bf9
  custom:audio-decoder-ogg-vorbis: bf7c407c2cedff20999df2af8eb42d56 -> 
  custom:scripting/monoscript/fileName/HomeWarpHole.cs: a67596eea0d68eeca43f620a86ae975e -> 57a1b8d617cf9b9b9b0c3c235897a22a
  custom:audio-encoder-webm-vorbis: bf7c407c2cedff20999df2af8eb42d56 -> 
  custom:scripting/monoscript/fileName/beltController.cs: 59b90b430a9473791cdc34ef65963f1a -> d84cf5a977b6afef59f860f083239f0a
  custom:scripting/precompiled-assembly-types:Assembly-CSharp: 8795cf2f9569f87e2550d777e8658093 -> feafa2ca34e42cc5345c0c33d2d44692
  custom:scripting/monoscript/fileName/ExploreGameGoalDimentionalLift.cs: 9c2ab3de718019f18303a5a524852000 -> f04c67676818c1a9de96758ab0f7c8f1
  custom:scripting/monoscript/fileName/ExploreGameManager.cs: 0d4d24d8aa8fa59eb3a64211a44ccc2e -> a5b421e8fdf625c569c2b93b60fe8386
  custom:video-codec-MediaFoundation-h265: 746d11721c4dcdbdad8f713fa42b33f4 -> 
  custom:scripting/monoscript/fileName/WebCameraCutManager.cs: 86f67846ae23dfa7b2887d90daa83b48 -> 42ffa28137b5ea0fe95d369351811780
  custom:video-decoder-ogg-theora: a1e56fd34408186e4bbccfd4996cb3dc -> 
  custom:scripting/monoscript/fileName/CheckPointController.cs: a26b6b5c59016498d42a8b497be42ef2 -> e5355b76b39e4561031b9e28ef761ebf
  custom:scripting/monoscript/fileName/EnemyController.cs: 95cdb6bff3c5e80df3375de5026c231f -> 5b8537652ebdaba4b35050797ce3ce8d
  custom:scripting/monoscript/fileName/kanbanController.cs: 4c6c04eae08be5b5d3bb685df5d60c4c -> 393a6a6df2c97192bc076abd94273776
  custom:CustomObjectIndexerAttribute: 72b91833f83ae208fae7752999fa3104 -> 
  custom:container-demuxer-webm: 4f35f7cbe854078d1ac9338744f61a02 -> 
  custom:scripting/monoscript/fileName/HomeGameObjectManager.cs: 11f44095410d3bcbfe2c2f7b258294d5 -> 3e130cee87f99bdd40e563b836331ebb
  custom:scripting/monoscript/fileName/jumPlateController.cs: 3052bda81d7d2705b85ad3c1c4527acc -> b74d1614b17dce24723e48acfd44047f
  custom:scripting/monoscript/fileName/textureController.cs: 77fb205f53a2e5e38187edc36fbdca03 -> 
  custom:scripting/monoscript/fileName/EnemyPlane.cs: 362e5f00b165b8e1bb50a83e5edeef8e -> 904a741335ab92d2b868db42981cd164
  custom:scripting/monoscript/fileName/FloodingManager.cs: d35af5056f65508fc4a9360aecb3c787 -> bb2f1e3f9f4ac92230aa3ce3799a57e4
  custom:video-encoder-webm-vp8: eb34c28f22e8b96e1ab97ce403110664 -> 
  custom:scripting/monoscript/fileName/EnemyBird.cs: 9ea2fe694d0a77d82422883b02371188 -> 8891e7c0c4824afc3a621ab47e019224
========================================================================
Received Import Request.
  Time since last request: 12.328663 seconds.
  path: Assets/Project/Program/HomeScene/Scripts/HomeWarpHole.cs
  artifactKey: Guid(622027ec743b0d440b95e14704b72161) Importer(815301076,1909f56bfc062723c751e8b465ee728b)
Start importing Assets/Project/Program/HomeScene/Scripts/HomeWarpHole.cs using Guid(622027ec743b0d440b95e14704b72161) Importer(815301076,1909f56bfc062723c751e8b465ee728b) [PhysX] Initialized MultithreadedTaskDispatcher with 16 workers.
 -> (artifact id: 'bf43758c2b5095af0e857164800b8bba') in 0.002410 seconds
Number of updated asset objects reloaded before import = 0
Number of asset objects unloaded after import = 0
========================================================================
Received Prepare
Caller must complete domain reload
Begin MonoManager ReloadAssembly
- Loaded All Assemblies, in  0.938 seconds
Native extension for WindowsStandalone target not found
Native extension for Android target not found
[Package Manager] Server::EnsureServerProcessIsRunning -- launch failed, reason: Unity was launched with the -noUpm command-line argument
[Package Manager] UpmClient::Send -- Unable to send message (not connected to UPM process).
[Package Manager] Cannot connect to Unity Package Manager local server
Mono: successfully reloaded assembly
- Finished resetting the current domain, in  3.008 seconds
Domain Reload Profiling: 3938ms
	BeginReloadAssembly (269ms)
		ExecutionOrderSort (0ms)
		DisableScriptedObjects (15ms)
		BackupInstance (0ms)
		ReleaseScriptingObjects (0ms)
		CreateAndSetChildDomain (66ms)
	RebuildCommonClasses (59ms)
	RebuildNativeTypeToScriptingClass (18ms)
	initialDomainReloadingComplete (52ms)
	LoadAllAssembliesAndSetupDomain (532ms)
		LoadAssemblies (571ms)
		RebuildTransferFunctionScriptingTraits (0ms)
		AnalyzeDomain (93ms)
			TypeCache.Refresh (21ms)
				TypeCache.ScanAssembly (2ms)
			ScanForSourceGeneratedMonoScriptInfo (51ms)
			ResolveRequiredComponents (19ms)
	FinalizeReload (3009ms)
		ReleaseScriptCaches (0ms)
		RebuildScriptCaches (0ms)
		SetupLoadedEditorAssemblies (1163ms)
			LogAssemblyErrors (0ms)
			InitializePlatformSupportModulesInManaged (33ms)
			SetLoadedEditorAssemblies (8ms)
			RefreshPlugins (0ms)
			BeforeProcessingInitializeOnLoad (159ms)
			ProcessInitializeOnLoadAttributes (850ms)
			ProcessInitializeOnLoadMethodAttributes (105ms)
			AfterProcessingInitializeOnLoad (9ms)
			EditorAssembliesLoaded (0ms)
		ExecutionOrderSort2 (0ms)
		AwakeInstancesAfterBackupRestoration (38ms)
Refreshing native plugins compatible for Editor in 12.99 ms, found 6 plugins.
Preloading 0 native plugins for Editor in 0.00 ms.
Unloading 6741 Unused Serialized files (Serialized files now loaded: 0)
Unloading 43 unused Assets / (1.8 MB). Loaded Objects now: 7646.
Memory consumption went from 251.9 MB to 250.1 MB.
Total: 7.163600 ms (FindLiveObjects: 1.015400 ms CreateObjectMapping: 0.398500 ms MarkObjects: 5.082500 ms  DeleteObjects: 0.665900 ms)

Prepare: number of updated asset objects reloaded= 0
AssetImportParameters requested are different than current active one (requested -> active):
  custom:scripting/monoscript/fileName/groundPlaneGenerator.cs: 66dd2fa82d64ae4f9fcc5c6231b0cfb1 -> 78760a5eda0f63e89c8261e046fa939a
  custom:scripting/monoscript/fileName/WebcamStripeDetection.cs: 60e400b6dedc478f04af727a878a1d79 -> 130699482f32f4cd6d4ef92608f3756c
  custom:container-demuxer-ogg: 62fdf1f143b41e24485cea50d1cbac27 -> 
  custom:scripting/monoscript/fileName/TreeGrowingGameManager.cs: b335c53bcb5e26fb2bd6f7eafab6449b -> 37c97f8a22737d5a3bf204f13270e307
  custom:framework-win-MediaFoundation: 216162199b28c13a410421893ffa2e32 -> 
  custom:scripting/monoscript/fileName/StageController.cs: 6be61e1f3486edaa9953f20c89333252 -> dfdc67014a722699d1000a1bae4032ea
  custom:scripting/monoscript/fileName/playerController.cs: 8a36541facae464d3638fd14fa5b7208 -> 
  custom:scripting/monoscript/fileName/EnemyUFO.cs: c9fbb69d8539baf099226189205e18b8 -> 93e1c5f136b3fd1602be2bb19f523ccd
  custom:scripting/monoscript/fileName/TreeGrowEnemy.cs: 7b17fd7e35c1a809be7fbd8a33a5eb8e -> 3a73412f44bfbad99110aacf21e20bd0
  custom:scripting/monoscript/fileName/HomeManager.cs: 22309aa1a19f11d6f5cdf7f15e92ce45 -> c08f6cade8ef80fe810dd532b711d882
  custom:scripting/monoscript/fileName/FollowShadow.cs: 1effc2e7f64df7069566e938c5d97720 -> 631a2500d529cf4902a5d4e5b5431669
  custom:container-muxer-webm: aa71ff27fc2769a1b78a27578f13a17b -> 
  custom:video-decoder-webm-vp8: 9c59270c3fd7afecdb556c50c9e8de78 -> 
  custom:SearchIndexIgnoredProperties: e643bd26f0fe6173181afceb89e7c659 -> 
  custom:AudioImporter_EditorPlatform: d09bf68614088b80899f8185d706f6e7 -> 
  custom:scripting/monoscript/fileName/SummonController.cs: c10e696e22c286480a6cfdc13275bf71 -> 5bb447ab396c152871d768e99ff2b5ea
  custom:scripting/monoscript/fileName/CoinGetter.cs: 3372e4496adf0fea0a315463a38bd79c -> 3d6c24f5fd953e028cdb31f9e1fa5bf9
  custom:audio-decoder-ogg-vorbis: bf7c407c2cedff20999df2af8eb42d56 -> 
  custom:scripting/monoscript/fileName/HomeWarpHole.cs: a3bf4d5be2ad946ef1443a11ed6d123c -> 57a1b8d617cf9b9b9b0c3c235897a22a
  custom:audio-encoder-webm-vorbis: bf7c407c2cedff20999df2af8eb42d56 -> 
  custom:scripting/monoscript/fileName/beltController.cs: 59b90b430a9473791cdc34ef65963f1a -> d84cf5a977b6afef59f860f083239f0a
  custom:scripting/precompiled-assembly-types:Assembly-CSharp: 6d082d151643164f3e6b043e4e85d647 -> feafa2ca34e42cc5345c0c33d2d44692
  custom:scripting/monoscript/fileName/ExploreGameGoalDimentionalLift.cs: 9c2ab3de718019f18303a5a524852000 -> f04c67676818c1a9de96758ab0f7c8f1
  custom:scripting/monoscript/fileName/ExploreGameManager.cs: 0d4d24d8aa8fa59eb3a64211a44ccc2e -> a5b421e8fdf625c569c2b93b60fe8386
  custom:video-codec-MediaFoundation-h265: 746d11721c4dcdbdad8f713fa42b33f4 -> 
  custom:scripting/monoscript/fileName/WebCameraCutManager.cs: 86f67846ae23dfa7b2887d90daa83b48 -> 42ffa28137b5ea0fe95d369351811780
  custom:video-decoder-ogg-theora: a1e56fd34408186e4bbccfd4996cb3dc -> 
  custom:scripting/monoscript/fileName/CheckPointController.cs: a26b6b5c59016498d42a8b497be42ef2 -> e5355b76b39e4561031b9e28ef761ebf
  custom:scripting/monoscript/fileName/EnemyController.cs: 95cdb6bff3c5e80df3375de5026c231f -> 5b8537652ebdaba4b35050797ce3ce8d
  custom:scripting/monoscript/fileName/kanbanController.cs: 4c6c04eae08be5b5d3bb685df5d60c4c -> 393a6a6df2c97192bc076abd94273776
  custom:CustomObjectIndexerAttribute: 72b91833f83ae208fae7752999fa3104 -> 
  custom:container-demuxer-webm: 4f35f7cbe854078d1ac9338744f61a02 -> 
  custom:scripting/monoscript/fileName/HomeGameObjectManager.cs: 9066ecdcde7990a6a191ad46b1b98505 -> 3e130cee87f99bdd40e563b836331ebb
  custom:scripting/monoscript/fileName/jumPlateController.cs: 3052bda81d7d2705b85ad3c1c4527acc -> b74d1614b17dce24723e48acfd44047f
  custom:scripting/monoscript/fileName/textureController.cs: 77fb205f53a2e5e38187edc36fbdca03 -> 
  custom:scripting/monoscript/fileName/EnemyPlane.cs: 362e5f00b165b8e1bb50a83e5edeef8e -> 904a741335ab92d2b868db42981cd164
  custom:scripting/monoscript/fileName/FloodingManager.cs: d35af5056f65508fc4a9360aecb3c787 -> bb2f1e3f9f4ac92230aa3ce3799a57e4
  custom:video-encoder-webm-vp8: eb34c28f22e8b96e1ab97ce403110664 -> 
  custom:scripting/monoscript/fileName/EnemyBird.cs: 9ea2fe694d0a77d82422883b02371188 -> 8891e7c0c4824afc3a621ab47e019224
========================================================================
Received Import Request.
  Time since last request: 25.857172 seconds.
  path: Assets/Resources/Script/Player/HomePlayerController.cs
  artifactKey: Guid(d88d0e294bdaeba4ca88a832406fa363) Importer(815301076,1909f56bfc062723c751e8b465ee728b)
Start importing Assets/Resources/Script/Player/HomePlayerController.cs using Guid(d88d0e294bdaeba4ca88a832406fa363) Importer(815301076,1909f56bfc062723c751e8b465ee728b) [PhysX] Initialized MultithreadedTaskDispatcher with 16 workers.
 -> (artifact id: '510d95c2b336bafca8aa474686d72ab1') in 0.002478 seconds
Number of updated asset objects reloaded before import = 0
Number of asset objects unloaded after import = 0
========================================================================
Received Import Request.
  Time since last request: 0.463339 seconds.
  path: Assets/Resources/Script/Player/PlayerController.cs
  artifactKey: Guid(c1af128bda2c542479bc5571d7a08cf8) Importer(815301076,1909f56bfc062723c751e8b465ee728b)
Start importing Assets/Resources/Script/Player/PlayerController.cs using Guid(c1af128bda2c542479bc5571d7a08cf8) Importer(815301076,1909f56bfc062723c751e8b465ee728b) [PhysX] Initialized MultithreadedTaskDispatcher with 16 workers.
 -> (artifact id: 'b8b1c7f1491d11d50f8099b8780856d5') in 0.001136 seconds
Number of updated asset objects reloaded before import = 0
Number of asset objects unloaded after import = 0
========================================================================
Received Import Request.
  Time since last request: 0.472698 seconds.
  path: Assets/Resources/Script/Player/playerController.inputactions
  artifactKey: Guid(ec621915d655fac42927014549f0adbc) Importer(815301076,1909f56bfc062723c751e8b465ee728b)
Start importing Assets/Resources/Script/Player/playerController.inputactions using Guid(ec621915d655fac42927014549f0adbc) Importer(815301076,1909f56bfc062723c751e8b465ee728b) [PhysX] Initialized MultithreadedTaskDispatcher with 16 workers.
 -> (artifact id: '7636efb75adcb82775104e07314cd9d1') in 0.000895 seconds
Number of updated asset objects reloaded before import = 0
Number of asset objects unloaded after import = 0
