Using pre-set license
Built from '2022.3/staging' branch; Version is '2022.3.46f1 (8e9b8558c41a) revision 9345925'; Using compiler version '192829333'; Build Type 'Release'
OS: 'Windows 11  (10.0.22631) 64bit Core' Language: 'ja' Physical Memory: 15610 MB
BatchMode: 1, IsHumanControllingUs: 0, StartBugReporterOnCrash: 0, Is64bit: 1, IsPro: 1

COMMAND LINE ARGUMENTS:
C:\Program Files\Unity\Hub\Editor\2022.3.46f1\Editor\Unity.exe
-adb2
-batchMode
-noUpm
-name
AssetImportWorker3
-projectPath
C:/Product/Unity/StandingWorld
-logFile
Logs/AssetImportWorker3.log
-srvPort
54891
Successfully changed project path to: C:/Product/Unity/StandingWorld
C:/Product/Unity/StandingWorld
[UnityMemory] Configuration Parameters - Can be set up in boot.config
    "memorysetup-bucket-allocator-granularity=16"
    "memorysetup-bucket-allocator-bucket-count=8"
    "memorysetup-bucket-allocator-block-size=33554432"
    "memorysetup-bucket-allocator-block-count=8"
    "memorysetup-main-allocator-block-size=16777216"
    "memorysetup-thread-allocator-block-size=16777216"
    "memorysetup-gfx-main-allocator-block-size=16777216"
    "memorysetup-gfx-thread-allocator-block-size=16777216"
    "memorysetup-cache-allocator-block-size=4194304"
    "memorysetup-typetree-allocator-block-size=2097152"
    "memorysetup-profiler-bucket-allocator-granularity=16"
    "memorysetup-profiler-bucket-allocator-bucket-count=8"
    "memorysetup-profiler-bucket-allocator-block-size=33554432"
    "memorysetup-profiler-bucket-allocator-block-count=8"
    "memorysetup-profiler-allocator-block-size=16777216"
    "memorysetup-profiler-editor-allocator-block-size=1048576"
    "memorysetup-temp-allocator-size-main=16777216"
    "memorysetup-job-temp-allocator-block-size=2097152"
    "memorysetup-job-temp-allocator-block-size-background=1048576"
    "memorysetup-job-temp-allocator-reduction-small-platforms=262144"
    "memorysetup-allocator-temp-initial-block-size-main=262144"
    "memorysetup-allocator-temp-initial-block-size-worker=262144"
    "memorysetup-temp-allocator-size-background-worker=32768"
    "memorysetup-temp-allocator-size-job-worker=262144"
    "memorysetup-temp-allocator-size-preload-manager=33554432"
    "memorysetup-temp-allocator-size-nav-mesh-worker=65536"
    "memorysetup-temp-allocator-size-audio-worker=65536"
    "memorysetup-temp-allocator-size-cloud-worker=32768"
    "memorysetup-temp-allocator-size-gi-baking-worker=262144"
    "memorysetup-temp-allocator-size-gfx=262144"
Player connection [12024]  Target information:

Player connection [12024]  * "[IP] 192.168.0.58 [Port] 0 [Flags] 2 [Guid] 2262127268 [EditorId] 2262127268 [Version] 1048832 [Id] WindowsEditor(7,note202408) [Debug] 1 [PackageName] WindowsEditor [ProjectName] Editor" 

Player connection [12024] Host joined multi-casting on [225.0.0.222:54997]...
Player connection [12024] Host joined alternative multi-casting on [225.0.0.222:34997]...
[PhysX] Initialized MultithreadedTaskDispatcher with 16 workers.
Refreshing native plugins compatible for Editor in 721.79 ms, found 6 plugins.
Preloading 0 native plugins for Editor in 0.00 ms.
Initialize engine version: 2022.3.46f1 (8e9b8558c41a)
[Subsystems] Discovering subsystems at path C:/Program Files/Unity/Hub/Editor/2022.3.46f1/Editor/Data/Resources/UnitySubsystems
[Subsystems] Discovering subsystems at path C:/Product/Unity/StandingWorld/Assets
GfxDevice: creating device client; threaded=0; jobified=0
Direct3D:
    Version:  Direct3D 11.0 [level 11.1]
    Renderer: NVIDIA GeForce RTX 3050 Laptop GPU (ID=0x25a2)
    Vendor:   NVIDIA
    VRAM:     3964 MB
    Driver:   32.0.15.6081
Initialize mono
Mono path[0] = 'C:/Program Files/Unity/Hub/Editor/2022.3.46f1/Editor/Data/Managed'
Mono path[1] = 'C:/Program Files/Unity/Hub/Editor/2022.3.46f1/Editor/Data/MonoBleedingEdge/lib/mono/unityjit-win32'
Mono config path = 'C:/Program Files/Unity/Hub/Editor/2022.3.46f1/Editor/Data/MonoBleedingEdge/etc'
Using monoOptions --debugger-agent=transport=dt_socket,embedding=1,server=y,suspend=n,address=127.0.0.1:56004
Begin MonoManager ReloadAssembly
Registering precompiled unity dll's ...
Register platform support module: C:/Program Files/Unity/Hub/Editor/2022.3.46f1/Editor/Data/PlaybackEngines/AndroidPlayer/UnityEditor.Android.Extensions.dll
Register platform support module: C:/Program Files/Unity/Hub/Editor/2022.3.46f1/Editor/Data/PlaybackEngines/WindowsStandaloneSupport/UnityEditor.WindowsStandalone.Extensions.dll
Registered in 0.011936 seconds.
- Loaded All Assemblies, in  1.633 seconds
Native extension for WindowsStandalone target not found
Native extension for Android target not found
Android Extension - Scanning For ADB Devices 504 ms
Mono: successfully reloaded assembly
- Finished resetting the current domain, in  1.016 seconds
Domain Reload Profiling: 2646ms
	BeginReloadAssembly (171ms)
		ExecutionOrderSort (0ms)
		DisableScriptedObjects (0ms)
		BackupInstance (0ms)
		ReleaseScriptingObjects (0ms)
		CreateAndSetChildDomain (1ms)
	RebuildCommonClasses (358ms)
	RebuildNativeTypeToScriptingClass (18ms)
	initialDomainReloadingComplete (94ms)
	LoadAllAssembliesAndSetupDomain (989ms)
		LoadAssemblies (169ms)
		RebuildTransferFunctionScriptingTraits (0ms)
		AnalyzeDomain (985ms)
			TypeCache.Refresh (982ms)
				TypeCache.ScanAssembly (960ms)
			ScanForSourceGeneratedMonoScriptInfo (1ms)
			ResolveRequiredComponents (1ms)
	FinalizeReload (1017ms)
		ReleaseScriptCaches (0ms)
		RebuildScriptCaches (0ms)
		SetupLoadedEditorAssemblies (943ms)
			LogAssemblyErrors (0ms)
			InitializePlatformSupportModulesInManaged (640ms)
			SetLoadedEditorAssemblies (6ms)
			RefreshPlugins (0ms)
			BeforeProcessingInitializeOnLoad (3ms)
			ProcessInitializeOnLoadAttributes (207ms)
			ProcessInitializeOnLoadMethodAttributes (85ms)
			AfterProcessingInitializeOnLoad (0ms)
			EditorAssembliesLoaded (0ms)
		ExecutionOrderSort2 (0ms)
		AwakeInstancesAfterBackupRestoration (0ms)
========================================================================
Worker process is ready to serve import requests
Caller must complete domain reload
Begin MonoManager ReloadAssembly
- Loaded All Assemblies, in  1.946 seconds
Native extension for WindowsStandalone target not found
Native extension for Android target not found
Package Manager log level set to [2]
[Package Manager] Server::EnsureServerProcessIsRunning -- launch failed, reason: Unity was launched with the -noUpm command-line argument
[Package Manager] UpmClient::Send -- Unable to send message (not connected to UPM process).
[Package Manager] Cannot connect to Unity Package Manager local server
Mono: successfully reloaded assembly
- Finished resetting the current domain, in  1.861 seconds
Domain Reload Profiling: 3803ms
	BeginReloadAssembly (239ms)
		ExecutionOrderSort (0ms)
		DisableScriptedObjects (8ms)
		BackupInstance (0ms)
		ReleaseScriptingObjects (0ms)
		CreateAndSetChildDomain (32ms)
	RebuildCommonClasses (60ms)
	RebuildNativeTypeToScriptingClass (14ms)
	initialDomainReloadingComplete (71ms)
	LoadAllAssembliesAndSetupDomain (1556ms)
		LoadAssemblies (612ms)
		RebuildTransferFunctionScriptingTraits (0ms)
		AnalyzeDomain (1087ms)
			TypeCache.Refresh (932ms)
				TypeCache.ScanAssembly (799ms)
			ScanForSourceGeneratedMonoScriptInfo (118ms)
			ResolveRequiredComponents (33ms)
	FinalizeReload (1862ms)
		ReleaseScriptCaches (0ms)
		RebuildScriptCaches (0ms)
		SetupLoadedEditorAssemblies (1447ms)
			LogAssemblyErrors (0ms)
			InitializePlatformSupportModulesInManaged (38ms)
			SetLoadedEditorAssemblies (8ms)
			RefreshPlugins (0ms)
			BeforeProcessingInitializeOnLoad (161ms)
			ProcessInitializeOnLoadAttributes (1096ms)
			ProcessInitializeOnLoadMethodAttributes (136ms)
			AfterProcessingInitializeOnLoad (8ms)
			EditorAssembliesLoaded (0ms)
		ExecutionOrderSort2 (0ms)
		AwakeInstancesAfterBackupRestoration (12ms)
Launched and connected shader compiler UnityShaderCompiler.exe after 0.10 seconds
Refreshing native plugins compatible for Editor in 15.60 ms, found 6 plugins.
Preloading 0 native plugins for Editor in 0.00 ms.
Unloading 6972 Unused Serialized files (Serialized files now loaded: 0)
Unloading 75 unused Assets / (1.8 MB). Loaded Objects now: 7456.
Memory consumption went from 291.5 MB to 289.8 MB.
Total: 7.688300 ms (FindLiveObjects: 0.656700 ms CreateObjectMapping: 0.402700 ms MarkObjects: 5.923100 ms  DeleteObjects: 0.704300 ms)

AssetImportParameters requested are different than current active one (requested -> active):
  custom:container-demuxer-ogg: 62fdf1f143b41e24485cea50d1cbac27 -> 
  custom:framework-win-MediaFoundation: 216162199b28c13a410421893ffa2e32 -> 
  custom:scripting/monoscript/fileName/playerController.cs: 8a36541facae464d3638fd14fa5b7208 -> 
  custom:container-muxer-webm: aa71ff27fc2769a1b78a27578f13a17b -> 
  custom:video-decoder-webm-vp8: 9c59270c3fd7afecdb556c50c9e8de78 -> 
  custom:SearchIndexIgnoredProperties: e643bd26f0fe6173181afceb89e7c659 -> 
  custom:AudioImporter_EditorPlatform: d09bf68614088b80899f8185d706f6e7 -> 
  custom:audio-decoder-ogg-vorbis: bf7c407c2cedff20999df2af8eb42d56 -> 
  custom:audio-encoder-webm-vorbis: bf7c407c2cedff20999df2af8eb42d56 -> 
  custom:video-codec-MediaFoundation-h265: 746d11721c4dcdbdad8f713fa42b33f4 -> 
  custom:video-decoder-ogg-theora: a1e56fd34408186e4bbccfd4996cb3dc -> 
  custom:CustomObjectIndexerAttribute: 72b91833f83ae208fae7752999fa3104 -> 
  custom:container-demuxer-webm: 4f35f7cbe854078d1ac9338744f61a02 -> 
  custom:scripting/monoscript/fileName/textureController.cs: 77fb205f53a2e5e38187edc36fbdca03 -> 
  custom:video-encoder-webm-vp8: eb34c28f22e8b96e1ab97ce403110664 -> 
========================================================================
Received Import Request.
  Time since last request: 529850.386605 seconds.
  path: Assets/Resources/Materials/SimpleToon/Material/Torus 3.mat
  artifactKey: Guid(30190c569134f3d4893b770bc7d85acf) Importer(815301076,1909f56bfc062723c751e8b465ee728b)
Start importing Assets/Resources/Materials/SimpleToon/Material/Torus 3.mat using Guid(30190c569134f3d4893b770bc7d85acf) Importer(815301076,1909f56bfc062723c751e8b465ee728b) [PhysX] Initialized MultithreadedTaskDispatcher with 16 workers.
[PhysX] Initialized MultithreadedTaskDispatcher with 16 workers.
 -> (artifact id: '3ebe873a1765d8e31547efa3d66f4f91') in 0.602707 seconds
Number of updated asset objects reloaded before import = 0
Number of asset objects unloaded after import = 20
========================================================================
Received Import Request.
  Time since last request: 0.000071 seconds.
  path: Assets/Resources/Materials/SimpleToon/Model/Kawaii Slimes/Materials/Face/Face.mat
  artifactKey: Guid(f5c4e8744f97ef4468f92d8b6072bc15) Importer(815301076,1909f56bfc062723c751e8b465ee728b)
Start importing Assets/Resources/Materials/SimpleToon/Model/Kawaii Slimes/Materials/Face/Face.mat using Guid(f5c4e8744f97ef4468f92d8b6072bc15) Importer(815301076,1909f56bfc062723c751e8b465ee728b) [PhysX] Initialized MultithreadedTaskDispatcher with 16 workers.
[PhysX] Initialized MultithreadedTaskDispatcher with 16 workers.
 -> (artifact id: 'a9862665dea5104bc9cb365915fdca06') in 0.016482 seconds
Number of updated asset objects reloaded before import = 0
Number of asset objects unloaded after import = 4
========================================================================
Received Import Request.
  Time since last request: 0.000032 seconds.
  path: Assets/Resources/Materials/SimpleToon/Model/Kawaii Slimes/Materials/Face/Face 3.mat
  artifactKey: Guid(5b87a972518a3154aa254612d431fa98) Importer(815301076,1909f56bfc062723c751e8b465ee728b)
Start importing Assets/Resources/Materials/SimpleToon/Model/Kawaii Slimes/Materials/Face/Face 3.mat using Guid(5b87a972518a3154aa254612d431fa98) Importer(815301076,1909f56bfc062723c751e8b465ee728b) [PhysX] Initialized MultithreadedTaskDispatcher with 16 workers.
[PhysX] Initialized MultithreadedTaskDispatcher with 16 workers.
 -> (artifact id: '0f02340ef2d5898473bc0ef6d306626b') in 0.023333 seconds
Number of updated asset objects reloaded before import = 0
Number of asset objects unloaded after import = 3
========================================================================
Received Import Request.
  Time since last request: 0.000028 seconds.
  path: Assets/Resources/tempWork/resources/wall.mat
  artifactKey: Guid(f3e1bb51e0fea44babae0e5a28c1542f) Importer(815301076,1909f56bfc062723c751e8b465ee728b)
Start importing Assets/Resources/tempWork/resources/wall.mat using Guid(f3e1bb51e0fea44babae0e5a28c1542f) Importer(815301076,1909f56bfc062723c751e8b465ee728b) [PhysX] Initialized MultithreadedTaskDispatcher with 16 workers.
[PhysX] Initialized MultithreadedTaskDispatcher with 16 workers.
 -> (artifact id: 'a54a1bd9768b2a1184be852b853e807c') in 0.036068 seconds
Number of updated asset objects reloaded before import = 0
Number of asset objects unloaded after import = 3
========================================================================
Received Import Request.
  Time since last request: 0.000035 seconds.
  path: Assets/Resources/3dModel/Player/summon_v1/MagicCircleMaterial.mat
  artifactKey: Guid(4d1be44c5cc7f45f58cdb68492e4204e) Importer(815301076,1909f56bfc062723c751e8b465ee728b)
Start importing Assets/Resources/3dModel/Player/summon_v1/MagicCircleMaterial.mat using Guid(4d1be44c5cc7f45f58cdb68492e4204e) Importer(815301076,1909f56bfc062723c751e8b465ee728b) [PhysX] Initialized MultithreadedTaskDispatcher with 16 workers.
[PhysX] Initialized MultithreadedTaskDispatcher with 16 workers.
 -> (artifact id: 'dcfb7ba9f669de59d3c3998bd9c6c9fe') in 0.024404 seconds
Number of updated asset objects reloaded before import = 0
Number of asset objects unloaded after import = 2
========================================================================
Received Import Request.
  Time since last request: 0.000032 seconds.
  path: Assets/Resources/Materials/SimpleToon/Model/Kawaii Slimes/Materials/Slime 3/Slime3.mat
  artifactKey: Guid(0ac85d6e19b5e24419fc938040be61e1) Importer(815301076,1909f56bfc062723c751e8b465ee728b)
Start importing Assets/Resources/Materials/SimpleToon/Model/Kawaii Slimes/Materials/Slime 3/Slime3.mat using Guid(0ac85d6e19b5e24419fc938040be61e1) Importer(815301076,1909f56bfc062723c751e8b465ee728b) [PhysX] Initialized MultithreadedTaskDispatcher with 16 workers.
[PhysX] Initialized MultithreadedTaskDispatcher with 16 workers.
 -> (artifact id: 'c829831d9ff07db83b08075e2b8d940f') in 0.012927 seconds
Number of updated asset objects reloaded before import = 0
Number of asset objects unloaded after import = 3
========================================================================
Received Import Request.
  Time since last request: 0.000027 seconds.
  path: Assets/Resources/Materials/StylisedWater/URP/Shaders/WaterVolume-URP.shadergraph
  artifactKey: Guid(2cddf2ee6a74aca44af00f5a49bd2cf1) Importer(815301076,1909f56bfc062723c751e8b465ee728b)
Start importing Assets/Resources/Materials/StylisedWater/URP/Shaders/WaterVolume-URP.shadergraph using Guid(2cddf2ee6a74aca44af00f5a49bd2cf1) Importer(815301076,1909f56bfc062723c751e8b465ee728b) [PhysX] Initialized MultithreadedTaskDispatcher with 16 workers.
[PhysX] Initialized MultithreadedTaskDispatcher with 16 workers.
 -> (artifact id: 'fa5ea4ab49c18ac371258ac978025aea') in 1.252404 seconds
Number of updated asset objects reloaded before import = 0
Number of asset objects unloaded after import = 3
========================================================================
Received Prepare
Caller must complete domain reload
Begin MonoManager ReloadAssembly
- Loaded All Assemblies, in  2.137 seconds
Native extension for WindowsStandalone target not found
Native extension for Android target not found
[Package Manager] Server::EnsureServerProcessIsRunning -- launch failed, reason: Unity was launched with the -noUpm command-line argument
[Package Manager] UpmClient::Send -- Unable to send message (not connected to UPM process).
[Package Manager] Cannot connect to Unity Package Manager local server
Mono: successfully reloaded assembly
- Finished resetting the current domain, in  1.678 seconds
Domain Reload Profiling: 3813ms
	BeginReloadAssembly (1518ms)
		ExecutionOrderSort (0ms)
		DisableScriptedObjects (1217ms)
		BackupInstance (0ms)
		ReleaseScriptingObjects (0ms)
		CreateAndSetChildDomain (92ms)
	RebuildCommonClasses (45ms)
	RebuildNativeTypeToScriptingClass (14ms)
	initialDomainReloadingComplete (44ms)
	LoadAllAssembliesAndSetupDomain (513ms)
		LoadAssemblies (573ms)
		RebuildTransferFunctionScriptingTraits (0ms)
		AnalyzeDomain (86ms)
			TypeCache.Refresh (14ms)
				TypeCache.ScanAssembly (1ms)
			ScanForSourceGeneratedMonoScriptInfo (44ms)
			ResolveRequiredComponents (28ms)
	FinalizeReload (1678ms)
		ReleaseScriptCaches (0ms)
		RebuildScriptCaches (0ms)
		SetupLoadedEditorAssemblies (1293ms)
			LogAssemblyErrors (0ms)
			InitializePlatformSupportModulesInManaged (33ms)
			SetLoadedEditorAssemblies (8ms)
			RefreshPlugins (0ms)
			BeforeProcessingInitializeOnLoad (167ms)
			ProcessInitializeOnLoadAttributes (955ms)
			ProcessInitializeOnLoadMethodAttributes (119ms)
			AfterProcessingInitializeOnLoad (11ms)
			EditorAssembliesLoaded (1ms)
		ExecutionOrderSort2 (0ms)
		AwakeInstancesAfterBackupRestoration (41ms)
Refreshing native plugins compatible for Editor in 12.18 ms, found 6 plugins.
Preloading 0 native plugins for Editor in 0.00 ms.
Unloading 6741 Unused Serialized files (Serialized files now loaded: 0)
Unloading 43 unused Assets / (1.8 MB). Loaded Objects now: 7554.
Memory consumption went from 251.7 MB to 250.0 MB.
Total: 6.370500 ms (FindLiveObjects: 0.645600 ms CreateObjectMapping: 0.320400 ms MarkObjects: 4.768900 ms  DeleteObjects: 0.634400 ms)

Prepare: number of updated asset objects reloaded= 0
AssetImportParameters requested are different than current active one (requested -> active):
  custom:scripting/monoscript/fileName/groundPlaneGenerator.cs: 824cfbfd90c80682e3c38208b6a88b94 -> 78760a5eda0f63e89c8261e046fa939a
  custom:container-demuxer-ogg: 62fdf1f143b41e24485cea50d1cbac27 -> 
  custom:framework-win-MediaFoundation: 216162199b28c13a410421893ffa2e32 -> 
  custom:scripting/monoscript/fileName/StageController.cs: 51a584245a94b36bf95ec5aa6f143806 -> dfdc67014a722699d1000a1bae4032ea
  custom:scripting/monoscript/fileName/playerController.cs: 8a36541facae464d3638fd14fa5b7208 -> 
  custom:container-muxer-webm: aa71ff27fc2769a1b78a27578f13a17b -> 
  custom:video-decoder-webm-vp8: 9c59270c3fd7afecdb556c50c9e8de78 -> 
  custom:SearchIndexIgnoredProperties: e643bd26f0fe6173181afceb89e7c659 -> 
  custom:AudioImporter_EditorPlatform: d09bf68614088b80899f8185d706f6e7 -> 
  custom:audio-decoder-ogg-vorbis: bf7c407c2cedff20999df2af8eb42d56 -> 
  custom:audio-encoder-webm-vorbis: bf7c407c2cedff20999df2af8eb42d56 -> 
  custom:scripting/monoscript/fileName/beltController.cs: d5447ad7e4db5ce9bb31a7848c0ea036 -> d84cf5a977b6afef59f860f083239f0a
  custom:scripting/precompiled-assembly-types:Assembly-CSharp: 5a34240075157cbc22ab46224d1bf5b7 -> feafa2ca34e42cc5345c0c33d2d44692
  custom:video-codec-MediaFoundation-h265: 746d11721c4dcdbdad8f713fa42b33f4 -> 
  custom:video-decoder-ogg-theora: a1e56fd34408186e4bbccfd4996cb3dc -> 
  custom:scripting/monoscript/fileName/CheckPointController.cs: 21366e98fd2751c5950c768f314907ec -> e5355b76b39e4561031b9e28ef761ebf
  custom:scripting/monoscript/fileName/kanbanController.cs: 0beab0e0d7ea39c245d2dd20c71b00b3 -> 393a6a6df2c97192bc076abd94273776
  custom:CustomObjectIndexerAttribute: 72b91833f83ae208fae7752999fa3104 -> 
  custom:container-demuxer-webm: 4f35f7cbe854078d1ac9338744f61a02 -> 
  custom:scripting/monoscript/fileName/jumPlateController.cs: 7ce5074295808d471b18329f0400ca94 -> b74d1614b17dce24723e48acfd44047f
  custom:scripting/monoscript/fileName/textureController.cs: 77fb205f53a2e5e38187edc36fbdca03 -> 
  custom:video-encoder-webm-vp8: eb34c28f22e8b96e1ab97ce403110664 -> 
========================================================================
Received Prepare
Caller must complete domain reload
Begin MonoManager ReloadAssembly
- Loaded All Assemblies, in  1.113 seconds
Native extension for WindowsStandalone target not found
Native extension for Android target not found
[Package Manager] Server::EnsureServerProcessIsRunning -- launch failed, reason: Unity was launched with the -noUpm command-line argument
[Package Manager] UpmClient::Send -- Unable to send message (not connected to UPM process).
[Package Manager] Cannot connect to Unity Package Manager local server
Mono: successfully reloaded assembly
- Finished resetting the current domain, in  3.145 seconds
Domain Reload Profiling: 4249ms
	BeginReloadAssembly (272ms)
		ExecutionOrderSort (0ms)
		DisableScriptedObjects (15ms)
		BackupInstance (0ms)
		ReleaseScriptingObjects (0ms)
		CreateAndSetChildDomain (66ms)
	RebuildCommonClasses (68ms)
	RebuildNativeTypeToScriptingClass (78ms)
	initialDomainReloadingComplete (86ms)
	LoadAllAssembliesAndSetupDomain (599ms)
		LoadAssemblies (643ms)
		RebuildTransferFunctionScriptingTraits (0ms)
		AnalyzeDomain (95ms)
			TypeCache.Refresh (17ms)
				TypeCache.ScanAssembly (1ms)
			ScanForSourceGeneratedMonoScriptInfo (52ms)
			ResolveRequiredComponents (25ms)
	FinalizeReload (3146ms)
		ReleaseScriptCaches (0ms)
		RebuildScriptCaches (0ms)
		SetupLoadedEditorAssemblies (1348ms)
			LogAssemblyErrors (0ms)
			InitializePlatformSupportModulesInManaged (26ms)
			SetLoadedEditorAssemblies (8ms)
			RefreshPlugins (0ms)
			BeforeProcessingInitializeOnLoad (167ms)
			ProcessInitializeOnLoadAttributes (998ms)
			ProcessInitializeOnLoadMethodAttributes (137ms)
			AfterProcessingInitializeOnLoad (11ms)
			EditorAssembliesLoaded (1ms)
		ExecutionOrderSort2 (0ms)
		AwakeInstancesAfterBackupRestoration (43ms)
Refreshing native plugins compatible for Editor in 12.25 ms, found 6 plugins.
Preloading 0 native plugins for Editor in 0.00 ms.
Unloading 6741 Unused Serialized files (Serialized files now loaded: 0)
Unloading 43 unused Assets / (1.8 MB). Loaded Objects now: 7571.
Memory consumption went from 251.7 MB to 249.9 MB.
Total: 10.231300 ms (FindLiveObjects: 1.100700 ms CreateObjectMapping: 0.440800 ms MarkObjects: 7.818000 ms  DeleteObjects: 0.870200 ms)

Prepare: number of updated asset objects reloaded= 0
AssetImportParameters requested are different than current active one (requested -> active):
  custom:scripting/monoscript/fileName/groundPlaneGenerator.cs: 824cfbfd90c80682e3c38208b6a88b94 -> 78760a5eda0f63e89c8261e046fa939a
  custom:container-demuxer-ogg: 62fdf1f143b41e24485cea50d1cbac27 -> 
  custom:framework-win-MediaFoundation: 216162199b28c13a410421893ffa2e32 -> 
  custom:scripting/monoscript/fileName/StageController.cs: 51a584245a94b36bf95ec5aa6f143806 -> dfdc67014a722699d1000a1bae4032ea
  custom:scripting/monoscript/fileName/playerController.cs: 8a36541facae464d3638fd14fa5b7208 -> 
  custom:container-muxer-webm: aa71ff27fc2769a1b78a27578f13a17b -> 
  custom:video-decoder-webm-vp8: 9c59270c3fd7afecdb556c50c9e8de78 -> 
  custom:SearchIndexIgnoredProperties: e643bd26f0fe6173181afceb89e7c659 -> 
  custom:AudioImporter_EditorPlatform: d09bf68614088b80899f8185d706f6e7 -> 
  custom:audio-decoder-ogg-vorbis: bf7c407c2cedff20999df2af8eb42d56 -> 
  custom:audio-encoder-webm-vorbis: bf7c407c2cedff20999df2af8eb42d56 -> 
  custom:scripting/monoscript/fileName/beltController.cs: d5447ad7e4db5ce9bb31a7848c0ea036 -> d84cf5a977b6afef59f860f083239f0a
  custom:scripting/precompiled-assembly-types:Assembly-CSharp: 5a43e8244df9b149c5ee0b029283c6f7 -> feafa2ca34e42cc5345c0c33d2d44692
  custom:video-codec-MediaFoundation-h265: 746d11721c4dcdbdad8f713fa42b33f4 -> 
  custom:scripting/monoscript/fileName/WebCameraCutManager.cs: 86f67846ae23dfa7b2887d90daa83b48 -> 42ffa28137b5ea0fe95d369351811780
  custom:video-decoder-ogg-theora: a1e56fd34408186e4bbccfd4996cb3dc -> 
  custom:scripting/monoscript/fileName/CheckPointController.cs: 21366e98fd2751c5950c768f314907ec -> e5355b76b39e4561031b9e28ef761ebf
  custom:scripting/monoscript/fileName/kanbanController.cs: 0beab0e0d7ea39c245d2dd20c71b00b3 -> 393a6a6df2c97192bc076abd94273776
  custom:CustomObjectIndexerAttribute: 72b91833f83ae208fae7752999fa3104 -> 
  custom:container-demuxer-webm: 4f35f7cbe854078d1ac9338744f61a02 -> 
  custom:scripting/monoscript/fileName/jumPlateController.cs: 7ce5074295808d471b18329f0400ca94 -> b74d1614b17dce24723e48acfd44047f
  custom:scripting/monoscript/fileName/textureController.cs: 77fb205f53a2e5e38187edc36fbdca03 -> 
  custom:video-encoder-webm-vp8: eb34c28f22e8b96e1ab97ce403110664 -> 
========================================================================
Received Prepare
Caller must complete domain reload
Begin MonoManager ReloadAssembly
- Loaded All Assemblies, in  0.993 seconds
Native extension for WindowsStandalone target not found
Native extension for Android target not found
[Package Manager] Server::EnsureServerProcessIsRunning -- launch failed, reason: Unity was launched with the -noUpm command-line argument
[Package Manager] UpmClient::Send -- Unable to send message (not connected to UPM process).
[Package Manager] Cannot connect to Unity Package Manager local server
Mono: successfully reloaded assembly
- Finished resetting the current domain, in  2.740 seconds
Domain Reload Profiling: 3723ms
	BeginReloadAssembly (294ms)
		ExecutionOrderSort (0ms)
		DisableScriptedObjects (20ms)
		BackupInstance (0ms)
		ReleaseScriptingObjects (0ms)
		CreateAndSetChildDomain (75ms)
	RebuildCommonClasses (59ms)
	RebuildNativeTypeToScriptingClass (26ms)
	initialDomainReloadingComplete (58ms)
	LoadAllAssembliesAndSetupDomain (545ms)
		LoadAssemblies (597ms)
		RebuildTransferFunctionScriptingTraits (0ms)
		AnalyzeDomain (89ms)
			TypeCache.Refresh (16ms)
				TypeCache.ScanAssembly (2ms)
			ScanForSourceGeneratedMonoScriptInfo (51ms)
			ResolveRequiredComponents (21ms)
	FinalizeReload (2740ms)
		ReleaseScriptCaches (0ms)
		RebuildScriptCaches (0ms)
		SetupLoadedEditorAssemblies (1161ms)
			LogAssemblyErrors (0ms)
			InitializePlatformSupportModulesInManaged (29ms)
			SetLoadedEditorAssemblies (6ms)
			RefreshPlugins (0ms)
			BeforeProcessingInitializeOnLoad (167ms)
			ProcessInitializeOnLoadAttributes (830ms)
			ProcessInitializeOnLoadMethodAttributes (120ms)
			AfterProcessingInitializeOnLoad (9ms)
			EditorAssembliesLoaded (0ms)
		ExecutionOrderSort2 (0ms)
		AwakeInstancesAfterBackupRestoration (38ms)
Refreshing native plugins compatible for Editor in 13.79 ms, found 6 plugins.
Preloading 0 native plugins for Editor in 0.00 ms.
Unloading 6741 Unused Serialized files (Serialized files now loaded: 0)
Unloading 43 unused Assets / (1.8 MB). Loaded Objects now: 7588.
Memory consumption went from 251.7 MB to 249.9 MB.
Total: 7.318800 ms (FindLiveObjects: 0.800600 ms CreateObjectMapping: 0.391100 ms MarkObjects: 5.514000 ms  DeleteObjects: 0.611300 ms)

Prepare: number of updated asset objects reloaded= 0
AssetImportParameters requested are different than current active one (requested -> active):
  custom:scripting/monoscript/fileName/groundPlaneGenerator.cs: 66dd2fa82d64ae4f9fcc5c6231b0cfb1 -> 78760a5eda0f63e89c8261e046fa939a
  custom:scripting/monoscript/fileName/WebcamStripeDetection.cs: 5fa6fb834e8d6d1e081b1db1cb099f56 -> 130699482f32f4cd6d4ef92608f3756c
  custom:container-demuxer-ogg: 62fdf1f143b41e24485cea50d1cbac27 -> 
  custom:scripting/monoscript/fileName/TreeGrowingGameManager.cs: b335c53bcb5e26fb2bd6f7eafab6449b -> 37c97f8a22737d5a3bf204f13270e307
  custom:framework-win-MediaFoundation: 216162199b28c13a410421893ffa2e32 -> 
  custom:scripting/monoscript/fileName/StageController.cs: 6be61e1f3486edaa9953f20c89333252 -> dfdc67014a722699d1000a1bae4032ea
  custom:scripting/monoscript/fileName/playerController.cs: 8a36541facae464d3638fd14fa5b7208 -> 
  custom:scripting/monoscript/fileName/EnemyUFO.cs: c9fbb69d8539baf099226189205e18b8 -> 93e1c5f136b3fd1602be2bb19f523ccd
  custom:scripting/monoscript/fileName/TreeGrowEnemy.cs: 7b17fd7e35c1a809be7fbd8a33a5eb8e -> 3a73412f44bfbad99110aacf21e20bd0
  custom:scripting/monoscript/fileName/HomeManager.cs: cccdfb04bf62cab9c1d60ed333a71bfa -> c08f6cade8ef80fe810dd532b711d882
  custom:scripting/monoscript/fileName/FollowShadow.cs: fd863c6c1101400a25c327d8a8522ae1 -> 631a2500d529cf4902a5d4e5b5431669
  custom:container-muxer-webm: aa71ff27fc2769a1b78a27578f13a17b -> 
  custom:video-decoder-webm-vp8: 9c59270c3fd7afecdb556c50c9e8de78 -> 
  custom:SearchIndexIgnoredProperties: e643bd26f0fe6173181afceb89e7c659 -> 
  custom:AudioImporter_EditorPlatform: d09bf68614088b80899f8185d706f6e7 -> 
  custom:scripting/monoscript/fileName/SummonController.cs: dd351afa352cf273727deb63ee8c7140 -> 5bb447ab396c152871d768e99ff2b5ea
  custom:scripting/monoscript/fileName/CoinGetter.cs: 3372e4496adf0fea0a315463a38bd79c -> 3d6c24f5fd953e028cdb31f9e1fa5bf9
  custom:audio-decoder-ogg-vorbis: bf7c407c2cedff20999df2af8eb42d56 -> 
  custom:scripting/monoscript/fileName/HomeWarpHole.cs: a67596eea0d68eeca43f620a86ae975e -> 57a1b8d617cf9b9b9b0c3c235897a22a
  custom:audio-encoder-webm-vorbis: bf7c407c2cedff20999df2af8eb42d56 -> 
  custom:scripting/monoscript/fileName/beltController.cs: 59b90b430a9473791cdc34ef65963f1a -> d84cf5a977b6afef59f860f083239f0a
  custom:scripting/precompiled-assembly-types:Assembly-CSharp: 8795cf2f9569f87e2550d777e8658093 -> feafa2ca34e42cc5345c0c33d2d44692
  custom:scripting/monoscript/fileName/ExploreGameGoalDimentionalLift.cs: 9c2ab3de718019f18303a5a524852000 -> f04c67676818c1a9de96758ab0f7c8f1
  custom:scripting/monoscript/fileName/ExploreGameManager.cs: 0d4d24d8aa8fa59eb3a64211a44ccc2e -> a5b421e8fdf625c569c2b93b60fe8386
  custom:video-codec-MediaFoundation-h265: 746d11721c4dcdbdad8f713fa42b33f4 -> 
  custom:scripting/monoscript/fileName/WebCameraCutManager.cs: 86f67846ae23dfa7b2887d90daa83b48 -> 42ffa28137b5ea0fe95d369351811780
  custom:video-decoder-ogg-theora: a1e56fd34408186e4bbccfd4996cb3dc -> 
  custom:scripting/monoscript/fileName/CheckPointController.cs: a26b6b5c59016498d42a8b497be42ef2 -> e5355b76b39e4561031b9e28ef761ebf
  custom:scripting/monoscript/fileName/EnemyController.cs: 95cdb6bff3c5e80df3375de5026c231f -> 5b8537652ebdaba4b35050797ce3ce8d
  custom:scripting/monoscript/fileName/kanbanController.cs: 4c6c04eae08be5b5d3bb685df5d60c4c -> 393a6a6df2c97192bc076abd94273776
  custom:CustomObjectIndexerAttribute: 72b91833f83ae208fae7752999fa3104 -> 
  custom:container-demuxer-webm: 4f35f7cbe854078d1ac9338744f61a02 -> 
  custom:scripting/monoscript/fileName/HomeGameObjectManager.cs: 11f44095410d3bcbfe2c2f7b258294d5 -> 3e130cee87f99bdd40e563b836331ebb
  custom:scripting/monoscript/fileName/jumPlateController.cs: 3052bda81d7d2705b85ad3c1c4527acc -> b74d1614b17dce24723e48acfd44047f
  custom:scripting/monoscript/fileName/textureController.cs: 77fb205f53a2e5e38187edc36fbdca03 -> 
  custom:scripting/monoscript/fileName/EnemyPlane.cs: 362e5f00b165b8e1bb50a83e5edeef8e -> 904a741335ab92d2b868db42981cd164
  custom:scripting/monoscript/fileName/FloodingManager.cs: d35af5056f65508fc4a9360aecb3c787 -> bb2f1e3f9f4ac92230aa3ce3799a57e4
  custom:video-encoder-webm-vp8: eb34c28f22e8b96e1ab97ce403110664 -> 
  custom:scripting/monoscript/fileName/EnemyBird.cs: 9ea2fe694d0a77d82422883b02371188 -> 8891e7c0c4824afc3a621ab47e019224
========================================================================
Received Prepare
Caller must complete domain reload
Begin MonoManager ReloadAssembly
- Loaded All Assemblies, in  0.919 seconds
Native extension for WindowsStandalone target not found
Native extension for Android target not found
[Package Manager] Server::EnsureServerProcessIsRunning -- launch failed, reason: Unity was launched with the -noUpm command-line argument
[Package Manager] UpmClient::Send -- Unable to send message (not connected to UPM process).
[Package Manager] Cannot connect to Unity Package Manager local server
Mono: successfully reloaded assembly
- Finished resetting the current domain, in  3.005 seconds
Domain Reload Profiling: 3916ms
	BeginReloadAssembly (261ms)
		ExecutionOrderSort (0ms)
		DisableScriptedObjects (16ms)
		BackupInstance (0ms)
		ReleaseScriptingObjects (0ms)
		CreateAndSetChildDomain (65ms)
	RebuildCommonClasses (58ms)
	RebuildNativeTypeToScriptingClass (23ms)
	initialDomainReloadingComplete (50ms)
	LoadAllAssembliesAndSetupDomain (518ms)
		LoadAssemblies (570ms)
		RebuildTransferFunctionScriptingTraits (0ms)
		AnalyzeDomain (78ms)
			TypeCache.Refresh (19ms)
				TypeCache.ScanAssembly (2ms)
			ScanForSourceGeneratedMonoScriptInfo (39ms)
			ResolveRequiredComponents (18ms)
	FinalizeReload (3006ms)
		ReleaseScriptCaches (0ms)
		RebuildScriptCaches (0ms)
		SetupLoadedEditorAssemblies (1148ms)
			LogAssemblyErrors (0ms)
			InitializePlatformSupportModulesInManaged (30ms)
			SetLoadedEditorAssemblies (7ms)
			RefreshPlugins (0ms)
			BeforeProcessingInitializeOnLoad (149ms)
			ProcessInitializeOnLoadAttributes (846ms)
			ProcessInitializeOnLoadMethodAttributes (105ms)
			AfterProcessingInitializeOnLoad (10ms)
			EditorAssembliesLoaded (0ms)
		ExecutionOrderSort2 (0ms)
		AwakeInstancesAfterBackupRestoration (37ms)
Refreshing native plugins compatible for Editor in 10.39 ms, found 6 plugins.
Preloading 0 native plugins for Editor in 0.00 ms.
Unloading 6741 Unused Serialized files (Serialized files now loaded: 0)
Unloading 43 unused Assets / (1.8 MB). Loaded Objects now: 7605.
Memory consumption went from 251.7 MB to 249.9 MB.
Total: 6.728600 ms (FindLiveObjects: 0.584900 ms CreateObjectMapping: 0.305000 ms MarkObjects: 5.267500 ms  DeleteObjects: 0.569300 ms)

Prepare: number of updated asset objects reloaded= 0
AssetImportParameters requested are different than current active one (requested -> active):
  custom:scripting/monoscript/fileName/groundPlaneGenerator.cs: 66dd2fa82d64ae4f9fcc5c6231b0cfb1 -> 78760a5eda0f63e89c8261e046fa939a
  custom:scripting/monoscript/fileName/WebcamStripeDetection.cs: 60e400b6dedc478f04af727a878a1d79 -> 130699482f32f4cd6d4ef92608f3756c
  custom:container-demuxer-ogg: 62fdf1f143b41e24485cea50d1cbac27 -> 
  custom:scripting/monoscript/fileName/TreeGrowingGameManager.cs: b335c53bcb5e26fb2bd6f7eafab6449b -> 37c97f8a22737d5a3bf204f13270e307
  custom:framework-win-MediaFoundation: 216162199b28c13a410421893ffa2e32 -> 
  custom:scripting/monoscript/fileName/StageController.cs: 6be61e1f3486edaa9953f20c89333252 -> dfdc67014a722699d1000a1bae4032ea
  custom:scripting/monoscript/fileName/playerController.cs: 8a36541facae464d3638fd14fa5b7208 -> 
  custom:scripting/monoscript/fileName/EnemyUFO.cs: c9fbb69d8539baf099226189205e18b8 -> 93e1c5f136b3fd1602be2bb19f523ccd
  custom:scripting/monoscript/fileName/TreeGrowEnemy.cs: 7b17fd7e35c1a809be7fbd8a33a5eb8e -> 3a73412f44bfbad99110aacf21e20bd0
  custom:scripting/monoscript/fileName/HomeManager.cs: 22309aa1a19f11d6f5cdf7f15e92ce45 -> c08f6cade8ef80fe810dd532b711d882
  custom:scripting/monoscript/fileName/FollowShadow.cs: 1effc2e7f64df7069566e938c5d97720 -> 631a2500d529cf4902a5d4e5b5431669
  custom:container-muxer-webm: aa71ff27fc2769a1b78a27578f13a17b -> 
  custom:video-decoder-webm-vp8: 9c59270c3fd7afecdb556c50c9e8de78 -> 
  custom:SearchIndexIgnoredProperties: e643bd26f0fe6173181afceb89e7c659 -> 
  custom:AudioImporter_EditorPlatform: d09bf68614088b80899f8185d706f6e7 -> 
  custom:scripting/monoscript/fileName/SummonController.cs: c10e696e22c286480a6cfdc13275bf71 -> 5bb447ab396c152871d768e99ff2b5ea
  custom:scripting/monoscript/fileName/CoinGetter.cs: 3372e4496adf0fea0a315463a38bd79c -> 3d6c24f5fd953e028cdb31f9e1fa5bf9
  custom:audio-decoder-ogg-vorbis: bf7c407c2cedff20999df2af8eb42d56 -> 
  custom:scripting/monoscript/fileName/HomeWarpHole.cs: a3bf4d5be2ad946ef1443a11ed6d123c -> 57a1b8d617cf9b9b9b0c3c235897a22a
  custom:audio-encoder-webm-vorbis: bf7c407c2cedff20999df2af8eb42d56 -> 
  custom:scripting/monoscript/fileName/beltController.cs: 59b90b430a9473791cdc34ef65963f1a -> d84cf5a977b6afef59f860f083239f0a
  custom:scripting/precompiled-assembly-types:Assembly-CSharp: 6d082d151643164f3e6b043e4e85d647 -> feafa2ca34e42cc5345c0c33d2d44692
  custom:scripting/monoscript/fileName/ExploreGameGoalDimentionalLift.cs: 9c2ab3de718019f18303a5a524852000 -> f04c67676818c1a9de96758ab0f7c8f1
  custom:scripting/monoscript/fileName/ExploreGameManager.cs: 0d4d24d8aa8fa59eb3a64211a44ccc2e -> a5b421e8fdf625c569c2b93b60fe8386
  custom:video-codec-MediaFoundation-h265: 746d11721c4dcdbdad8f713fa42b33f4 -> 
  custom:scripting/monoscript/fileName/WebCameraCutManager.cs: 86f67846ae23dfa7b2887d90daa83b48 -> 42ffa28137b5ea0fe95d369351811780
  custom:video-decoder-ogg-theora: a1e56fd34408186e4bbccfd4996cb3dc -> 
  custom:scripting/monoscript/fileName/CheckPointController.cs: a26b6b5c59016498d42a8b497be42ef2 -> e5355b76b39e4561031b9e28ef761ebf
  custom:scripting/monoscript/fileName/EnemyController.cs: 95cdb6bff3c5e80df3375de5026c231f -> 5b8537652ebdaba4b35050797ce3ce8d
  custom:scripting/monoscript/fileName/kanbanController.cs: 4c6c04eae08be5b5d3bb685df5d60c4c -> 393a6a6df2c97192bc076abd94273776
  custom:CustomObjectIndexerAttribute: 72b91833f83ae208fae7752999fa3104 -> 
  custom:container-demuxer-webm: 4f35f7cbe854078d1ac9338744f61a02 -> 
  custom:scripting/monoscript/fileName/HomeGameObjectManager.cs: 9066ecdcde7990a6a191ad46b1b98505 -> 3e130cee87f99bdd40e563b836331ebb
  custom:scripting/monoscript/fileName/jumPlateController.cs: 3052bda81d7d2705b85ad3c1c4527acc -> b74d1614b17dce24723e48acfd44047f
  custom:scripting/monoscript/fileName/textureController.cs: 77fb205f53a2e5e38187edc36fbdca03 -> 
  custom:scripting/monoscript/fileName/EnemyPlane.cs: 362e5f00b165b8e1bb50a83e5edeef8e -> 904a741335ab92d2b868db42981cd164
  custom:scripting/monoscript/fileName/FloodingManager.cs: d35af5056f65508fc4a9360aecb3c787 -> bb2f1e3f9f4ac92230aa3ce3799a57e4
  custom:video-encoder-webm-vp8: eb34c28f22e8b96e1ab97ce403110664 -> 
  custom:scripting/monoscript/fileName/EnemyBird.cs: 9ea2fe694d0a77d82422883b02371188 -> 8891e7c0c4824afc3a621ab47e019224
